INFO - 2024-11-24 11:17:47 --> Session: Class initialized using 'CodeIgniter\Session\Handlers\FileHandler' driver.
INFO - 2024-11-24 11:18:49 --> Session: Class initialized using 'CodeIgniter\Session\Handlers\FileHandler' driver.
INFO - 2024-11-24 11:18:55 --> Session: Class initialized using 'CodeIgniter\Session\Handlers\FileHandler' driver.
CRITICAL - 2024-11-24 11:18:55 --> CodeIgniter\Database\Exceptions\DatabaseException: You must set the database table to be used with your query.
in SYSTEMPATH/Database/BaseConnection.php on line 884.
 1 SYSTEMPATH/Model.php(662): CodeIgniter\Database\BaseConnection->table()
 2 SYSTEMPATH/Model.php(864): CodeIgniter\Model->builder()
 3 APPPATH/Controllers/Compte.php(206): CodeIgniter\Model->__call()
 4 SYSTEMPATH/CodeIgniter.php(941): App\Controllers\Compte->afficher_profil()
 5 SYSTEMPATH/CodeIgniter.php(502): CodeIgniter\CodeIgniter->runController()
 6 SYSTEMPATH/CodeIgniter.php(361): CodeIgniter\CodeIgniter->handleRequest()
 7 FCPATH/index.php(102): CodeIgniter\CodeIgniter->run()
INFO - 2024-11-24 11:21:46 --> Session: Class initialized using 'CodeIgniter\Session\Handlers\FileHandler' driver.
CRITICAL - 2024-11-24 11:21:46 --> ErrorException: Trying to access array offset on value of type null
in APPPATH/Views/affichage_profil_admin.php on line 11.
 1 APPPATH/Views/affichage_profil_admin.php(11): CodeIgniter\Debug\Exceptions->errorHandler()
 2 SYSTEMPATH/View/View.php(228): include('/home/2024DIFAL3/e22406953/public_html/v1/ci/app/Views/affichage_profil_admin.php')
 3 SYSTEMPATH/View/View.php(231): CodeIgniter\View\View->CodeIgniter\View\{closure}()
 4 SYSTEMPATH/Common.php(1178): CodeIgniter\View\View->render()
 5 APPPATH/Controllers/Compte.php(212): view()
 6 SYSTEMPATH/CodeIgniter.php(941): App\Controllers\Compte->afficher_profil()
 7 SYSTEMPATH/CodeIgniter.php(502): CodeIgniter\CodeIgniter->runController()
 8 SYSTEMPATH/CodeIgniter.php(361): CodeIgniter\CodeIgniter->handleRequest()
 9 FCPATH/index.php(102): CodeIgniter\CodeIgniter->run()
INFO - 2024-11-24 11:22:50 --> Session: Class initialized using 'CodeIgniter\Session\Handlers\FileHandler' driver.
CRITICAL - 2024-11-24 11:22:50 --> ErrorException: Trying to access array offset on value of type null
in APPPATH/Views/affichage_profil_admin.php on line 11.
 1 APPPATH/Views/affichage_profil_admin.php(11): CodeIgniter\Debug\Exceptions->errorHandler()
 2 SYSTEMPATH/View/View.php(228): include('/home/2024DIFAL3/e22406953/public_html/v1/ci/app/Views/affichage_profil_admin.php')
 3 SYSTEMPATH/View/View.php(231): CodeIgniter\View\View->CodeIgniter\View\{closure}()
 4 SYSTEMPATH/Common.php(1178): CodeIgniter\View\View->render()
 5 APPPATH/Controllers/Compte.php(212): view()
 6 SYSTEMPATH/CodeIgniter.php(941): App\Controllers\Compte->afficher_profil()
 7 SYSTEMPATH/CodeIgniter.php(502): CodeIgniter\CodeIgniter->runController()
 8 SYSTEMPATH/CodeIgniter.php(361): CodeIgniter\CodeIgniter->handleRequest()
 9 FCPATH/index.php(102): CodeIgniter\CodeIgniter->run()
INFO - 2024-11-24 11:24:37 --> Session: Class initialized using 'CodeIgniter\Session\Handlers\FileHandler' driver.
CRITICAL - 2024-11-24 11:24:37 --> ErrorException: Undefined array key "T_COMPTE_cmp.cmp_e_mail"
in APPPATH/Views/affichage_profil_admin.php on line 11.
 1 APPPATH/Views/affichage_profil_admin.php(11): CodeIgniter\Debug\Exceptions->errorHandler()
 2 SYSTEMPATH/View/View.php(228): include('/home/2024DIFAL3/e22406953/public_html/v1/ci/app/Views/affichage_profil_admin.php')
 3 SYSTEMPATH/View/View.php(231): CodeIgniter\View\View->CodeIgniter\View\{closure}()
 4 SYSTEMPATH/Common.php(1178): CodeIgniter\View\View->render()
 5 APPPATH/Controllers/Compte.php(211): view()
 6 SYSTEMPATH/CodeIgniter.php(941): App\Controllers\Compte->afficher_profil()
 7 SYSTEMPATH/CodeIgniter.php(502): CodeIgniter\CodeIgniter->runController()
 8 SYSTEMPATH/CodeIgniter.php(361): CodeIgniter\CodeIgniter->handleRequest()
 9 FCPATH/index.php(102): CodeIgniter\CodeIgniter->run()
INFO - 2024-11-24 11:25:19 --> Session: Class initialized using 'CodeIgniter\Session\Handlers\FileHandler' driver.
CRITICAL - 2024-11-24 11:25:19 --> ErrorException: Undefined array key "T_COMPTE_cmp.cmp_e_mail"
in APPPATH/Views/affichage_profil_admin.php on line 11.
 1 APPPATH/Views/affichage_profil_admin.php(11): CodeIgniter\Debug\Exceptions->errorHandler()
 2 SYSTEMPATH/View/View.php(228): include('/home/2024DIFAL3/e22406953/public_html/v1/ci/app/Views/affichage_profil_admin.php')
 3 SYSTEMPATH/View/View.php(231): CodeIgniter\View\View->CodeIgniter\View\{closure}()
 4 SYSTEMPATH/Common.php(1178): CodeIgniter\View\View->render()
 5 APPPATH/Controllers/Compte.php(211): view()
 6 SYSTEMPATH/CodeIgniter.php(941): App\Controllers\Compte->afficher_profil()
 7 SYSTEMPATH/CodeIgniter.php(502): CodeIgniter\CodeIgniter->runController()
 8 SYSTEMPATH/CodeIgniter.php(361): CodeIgniter\CodeIgniter->handleRequest()
 9 FCPATH/index.php(102): CodeIgniter\CodeIgniter->run()
INFO - 2024-11-24 11:25:20 --> Session: Class initialized using 'CodeIgniter\Session\Handlers\FileHandler' driver.
CRITICAL - 2024-11-24 11:25:20 --> ErrorException: Undefined array key "T_COMPTE_cmp.cmp_e_mail"
in APPPATH/Views/affichage_profil_admin.php on line 11.
 1 APPPATH/Views/affichage_profil_admin.php(11): CodeIgniter\Debug\Exceptions->errorHandler()
 2 SYSTEMPATH/View/View.php(228): include('/home/2024DIFAL3/e22406953/public_html/v1/ci/app/Views/affichage_profil_admin.php')
 3 SYSTEMPATH/View/View.php(231): CodeIgniter\View\View->CodeIgniter\View\{closure}()
 4 SYSTEMPATH/Common.php(1178): CodeIgniter\View\View->render()
 5 APPPATH/Controllers/Compte.php(211): view()
 6 SYSTEMPATH/CodeIgniter.php(941): App\Controllers\Compte->afficher_profil()
 7 SYSTEMPATH/CodeIgniter.php(502): CodeIgniter\CodeIgniter->runController()
 8 SYSTEMPATH/CodeIgniter.php(361): CodeIgniter\CodeIgniter->handleRequest()
 9 FCPATH/index.php(102): CodeIgniter\CodeIgniter->run()
INFO - 2024-11-24 11:25:21 --> Session: Class initialized using 'CodeIgniter\Session\Handlers\FileHandler' driver.
CRITICAL - 2024-11-24 11:25:21 --> ErrorException: Undefined array key "T_COMPTE_cmp.cmp_e_mail"
in APPPATH/Views/affichage_profil_admin.php on line 11.
 1 APPPATH/Views/affichage_profil_admin.php(11): CodeIgniter\Debug\Exceptions->errorHandler()
 2 SYSTEMPATH/View/View.php(228): include('/home/2024DIFAL3/e22406953/public_html/v1/ci/app/Views/affichage_profil_admin.php')
 3 SYSTEMPATH/View/View.php(231): CodeIgniter\View\View->CodeIgniter\View\{closure}()
 4 SYSTEMPATH/Common.php(1178): CodeIgniter\View\View->render()
 5 APPPATH/Controllers/Compte.php(211): view()
 6 SYSTEMPATH/CodeIgniter.php(941): App\Controllers\Compte->afficher_profil()
 7 SYSTEMPATH/CodeIgniter.php(502): CodeIgniter\CodeIgniter->runController()
 8 SYSTEMPATH/CodeIgniter.php(361): CodeIgniter\CodeIgniter->handleRequest()
 9 FCPATH/index.php(102): CodeIgniter\CodeIgniter->run()
INFO - 2024-11-24 11:25:21 --> Session: Class initialized using 'CodeIgniter\Session\Handlers\FileHandler' driver.
CRITICAL - 2024-11-24 11:25:21 --> ErrorException: Undefined array key "T_COMPTE_cmp.cmp_e_mail"
in APPPATH/Views/affichage_profil_admin.php on line 11.
 1 APPPATH/Views/affichage_profil_admin.php(11): CodeIgniter\Debug\Exceptions->errorHandler()
 2 SYSTEMPATH/View/View.php(228): include('/home/2024DIFAL3/e22406953/public_html/v1/ci/app/Views/affichage_profil_admin.php')
 3 SYSTEMPATH/View/View.php(231): CodeIgniter\View\View->CodeIgniter\View\{closure}()
 4 SYSTEMPATH/Common.php(1178): CodeIgniter\View\View->render()
 5 APPPATH/Controllers/Compte.php(211): view()
 6 SYSTEMPATH/CodeIgniter.php(941): App\Controllers\Compte->afficher_profil()
 7 SYSTEMPATH/CodeIgniter.php(502): CodeIgniter\CodeIgniter->runController()
 8 SYSTEMPATH/CodeIgniter.php(361): CodeIgniter\CodeIgniter->handleRequest()
 9 FCPATH/index.php(102): CodeIgniter\CodeIgniter->run()
INFO - 2024-11-24 11:26:40 --> Session: Class initialized using 'CodeIgniter\Session\Handlers\FileHandler' driver.
INFO - 2024-11-24 11:33:17 --> Session: Class initialized using 'CodeIgniter\Session\Handlers\FileHandler' driver.
INFO - 2024-11-24 11:33:24 --> Session: Class initialized using 'CodeIgniter\Session\Handlers\FileHandler' driver.
INFO - 2024-11-24 12:11:46 --> Session: Class initialized using 'CodeIgniter\Session\Handlers\FileHandler' driver.
INFO - 2024-11-24 12:12:26 --> Session: Class initialized using 'CodeIgniter\Session\Handlers\FileHandler' driver.
INFO - 2024-11-24 12:12:30 --> Session: Class initialized using 'CodeIgniter\Session\Handlers\FileHandler' driver.
INFO - 2024-11-24 12:12:31 --> Session: Class initialized using 'CodeIgniter\Session\Handlers\FileHandler' driver.
CRITICAL - 2024-11-24 12:12:31 --> CodeIgniter\View\Exceptions\ViewException: Invalid file: "modification_profil.php"
in SYSTEMPATH/Exceptions/FrameworkException.php on line 39.
 1 SYSTEMPATH/View/View.php(216): CodeIgniter\Exceptions\FrameworkException::forInvalidFile()
 2 SYSTEMPATH/Common.php(1178): CodeIgniter\View\View->render()
 3 APPPATH/Controllers/Compte.php(335): view()
 4 SYSTEMPATH/CodeIgniter.php(941): App\Controllers\Compte->modifier_profil()
 5 SYSTEMPATH/CodeIgniter.php(502): CodeIgniter\CodeIgniter->runController()
 6 SYSTEMPATH/CodeIgniter.php(361): CodeIgniter\CodeIgniter->handleRequest()
 7 FCPATH/index.php(102): CodeIgniter\CodeIgniter->run()
INFO - 2024-11-24 12:13:36 --> Session: Class initialized using 'CodeIgniter\Session\Handlers\FileHandler' driver.
INFO - 2024-11-24 12:19:38 --> Session: Class initialized using 'CodeIgniter\Session\Handlers\FileHandler' driver.
INFO - 2024-11-24 12:23:50 --> Session: Class initialized using 'CodeIgniter\Session\Handlers\FileHandler' driver.
INFO - 2024-11-24 12:24:00 --> Session: Class initialized using 'CodeIgniter\Session\Handlers\FileHandler' driver.
INFO - 2024-11-24 12:26:55 --> Session: Class initialized using 'CodeIgniter\Session\Handlers\FileHandler' driver.
INFO - 2024-11-24 12:27:05 --> Session: Class initialized using 'CodeIgniter\Session\Handlers\FileHandler' driver.
INFO - 2024-11-24 12:30:35 --> Session: Class initialized using 'CodeIgniter\Session\Handlers\FileHandler' driver.
INFO - 2024-11-24 12:30:36 --> Session: Class initialized using 'CodeIgniter\Session\Handlers\FileHandler' driver.
INFO - 2024-11-24 12:30:38 --> Session: Class initialized using 'CodeIgniter\Session\Handlers\FileHandler' driver.
INFO - 2024-11-24 12:32:04 --> Session: Class initialized using 'CodeIgniter\Session\Handlers\FileHandler' driver.
INFO - 2024-11-24 12:32:13 --> Session: Class initialized using 'CodeIgniter\Session\Handlers\FileHandler' driver.
INFO - 2024-11-24 12:34:43 --> Session: Class initialized using 'CodeIgniter\Session\Handlers\FileHandler' driver.
INFO - 2024-11-24 12:34:44 --> Session: Class initialized using 'CodeIgniter\Session\Handlers\FileHandler' driver.
INFO - 2024-11-24 12:34:48 --> Session: Class initialized using 'CodeIgniter\Session\Handlers\FileHandler' driver.
INFO - 2024-11-24 12:34:56 --> Session: Class initialized using 'CodeIgniter\Session\Handlers\FileHandler' driver.
INFO - 2024-11-24 12:35:10 --> Session: Class initialized using 'CodeIgniter\Session\Handlers\FileHandler' driver.
INFO - 2024-11-24 12:35:12 --> Session: Class initialized using 'CodeIgniter\Session\Handlers\FileHandler' driver.
INFO - 2024-11-24 12:35:21 --> Session: Class initialized using 'CodeIgniter\Session\Handlers\FileHandler' driver.
INFO - 2024-11-24 12:37:29 --> Session: Class initialized using 'CodeIgniter\Session\Handlers\FileHandler' driver.
INFO - 2024-11-24 12:37:38 --> Session: Class initialized using 'CodeIgniter\Session\Handlers\FileHandler' driver.
INFO - 2024-11-24 12:37:38 --> Session: Class initialized using 'CodeIgniter\Session\Handlers\FileHandler' driver.
INFO - 2024-11-24 12:52:08 --> Session: Class initialized using 'CodeIgniter\Session\Handlers\FileHandler' driver.
INFO - 2024-11-24 12:52:18 --> Session: Class initialized using 'CodeIgniter\Session\Handlers\FileHandler' driver.
INFO - 2024-11-24 12:52:21 --> Session: Class initialized using 'CodeIgniter\Session\Handlers\FileHandler' driver.
INFO - 2024-11-24 12:53:45 --> Session: Class initialized using 'CodeIgniter\Session\Handlers\FileHandler' driver.
INFO - 2024-11-24 12:53:49 --> Session: Class initialized using 'CodeIgniter\Session\Handlers\FileHandler' driver.
INFO - 2024-11-24 14:41:33 --> Session: Class initialized using 'CodeIgniter\Session\Handlers\FileHandler' driver.
INFO - 2024-11-24 14:42:16 --> Session: Class initialized using 'CodeIgniter\Session\Handlers\FileHandler' driver.
INFO - 2024-11-24 14:42:22 --> Session: Class initialized using 'CodeIgniter\Session\Handlers\FileHandler' driver.
INFO - 2024-11-24 14:42:25 --> Session: Class initialized using 'CodeIgniter\Session\Handlers\FileHandler' driver.
INFO - 2024-11-24 14:42:30 --> Session: Class initialized using 'CodeIgniter\Session\Handlers\FileHandler' driver.
INFO - 2024-11-24 14:43:07 --> Session: Class initialized using 'CodeIgniter\Session\Handlers\FileHandler' driver.
INFO - 2024-11-24 14:43:11 --> Session: Class initialized using 'CodeIgniter\Session\Handlers\FileHandler' driver.
INFO - 2024-11-24 14:43:18 --> Session: Class initialized using 'CodeIgniter\Session\Handlers\FileHandler' driver.
INFO - 2024-11-24 14:43:20 --> Session: Class initialized using 'CodeIgniter\Session\Handlers\FileHandler' driver.
INFO - 2024-11-24 14:43:29 --> Session: Class initialized using 'CodeIgniter\Session\Handlers\FileHandler' driver.
INFO - 2024-11-24 14:43:30 --> Session: Class initialized using 'CodeIgniter\Session\Handlers\FileHandler' driver.
INFO - 2024-11-24 14:46:26 --> Session: Class initialized using 'CodeIgniter\Session\Handlers\FileHandler' driver.
INFO - 2024-11-24 14:46:37 --> Session: Class initialized using 'CodeIgniter\Session\Handlers\FileHandler' driver.
INFO - 2024-11-24 14:46:39 --> Session: Class initialized using 'CodeIgniter\Session\Handlers\FileHandler' driver.
INFO - 2024-11-24 14:49:51 --> Session: Class initialized using 'CodeIgniter\Session\Handlers\FileHandler' driver.
INFO - 2024-11-24 14:52:33 --> Session: Class initialized using 'CodeIgniter\Session\Handlers\FileHandler' driver.
INFO - 2024-11-24 14:55:05 --> Session: Class initialized using 'CodeIgniter\Session\Handlers\FileHandler' driver.
INFO - 2024-11-24 14:57:16 --> Session: Class initialized using 'CodeIgniter\Session\Handlers\FileHandler' driver.
INFO - 2024-11-24 15:18:40 --> Session: Class initialized using 'CodeIgniter\Session\Handlers\FileHandler' driver.
INFO - 2024-11-24 15:18:41 --> Session: Class initialized using 'CodeIgniter\Session\Handlers\FileHandler' driver.
ERROR - 2024-11-24 15:18:41 --> mysqli_sql_exception: You have an error in your SQL syntax; check the manual that corresponds to your MariaDB server version for the right syntax to use near 'ORDER BY 
            CASE phase_conc(cnc.cnc_idT_CONCOURS_cnc)
           ...' at line 19 in /home/2024DIFAL3/e22406953/public_html/v1/ci/system/Database/MySQLi/Connection.php:306
Stack trace:
#0 /home/2024DIFAL3/e22406953/public_html/v1/ci/system/Database/MySQLi/Connection.php(306): mysqli->query()
#1 /home/2024DIFAL3/e22406953/public_html/v1/ci/system/Database/BaseConnection.php(693): CodeIgniter\Database\MySQLi\Connection->execute()
#2 /home/2024DIFAL3/e22406953/public_html/v1/ci/system/Database/BaseConnection.php(607): CodeIgniter\Database\BaseConnection->simpleQuery()
#3 /home/2024DIFAL3/e22406953/public_html/v1/ci/app/Models/Db_model.php(122): CodeIgniter\Database\BaseConnection->query()
#4 /home/2024DIFAL3/e22406953/public_html/v1/ci/app/Controllers/Concours.php(25): App\Models\Db_model->get_all_concours_jury()
#5 /home/2024DIFAL3/e22406953/public_html/v1/ci/system/CodeIgniter.php(941): App\Controllers\Concours->afficher_jury()
#6 /home/2024DIFAL3/e22406953/public_html/v1/ci/system/CodeIgniter.php(502): CodeIgniter\CodeIgniter->runController()
#7 /home/2024DIFAL3/e22406953/public_html/v1/ci/system/CodeIgniter.php(361): CodeIgniter\CodeIgniter->handleRequest()
#8 /home/2024DIFAL3/e22406953/public_html/v1/ci/public/index.php(102): CodeIgniter\CodeIgniter->run()
#9 {main}
CRITICAL - 2024-11-24 15:18:41 --> CodeIgniter\Database\Exceptions\DatabaseException: You have an error in your SQL syntax; check the manual that corresponds to your MariaDB server version for the right syntax to use near 'ORDER BY 
            CASE phase_conc(cnc.cnc_idT_CONCOURS_cnc)
           ...' at line 19
in SYSTEMPATH/Database/BaseConnection.php on line 647.
 1 APPPATH/Models/Db_model.php(122): CodeIgniter\Database\BaseConnection->query()
 2 APPPATH/Controllers/Concours.php(25): App\Models\Db_model->get_all_concours_jury()
 3 SYSTEMPATH/CodeIgniter.php(941): App\Controllers\Concours->afficher_jury()
 4 SYSTEMPATH/CodeIgniter.php(502): CodeIgniter\CodeIgniter->runController()
 5 SYSTEMPATH/CodeIgniter.php(361): CodeIgniter\CodeIgniter->handleRequest()
 6 FCPATH/index.php(102): CodeIgniter\CodeIgniter->run()
CRITICAL - 2024-11-24 15:18:41 --> [Caused by] CodeIgniter\Database\Exceptions\DatabaseException: You have an error in your SQL syntax; check the manual that corresponds to your MariaDB server version for the right syntax to use near 'ORDER BY 
            CASE phase_conc(cnc.cnc_idT_CONCOURS_cnc)
           ...' at line 19
in SYSTEMPATH/Database/MySQLi/Connection.php on line 311.
 1 SYSTEMPATH/Database/BaseConnection.php(693): CodeIgniter\Database\MySQLi\Connection->execute()
 2 SYSTEMPATH/Database/BaseConnection.php(607): CodeIgniter\Database\BaseConnection->simpleQuery()
 3 APPPATH/Models/Db_model.php(122): CodeIgniter\Database\BaseConnection->query()
 4 APPPATH/Controllers/Concours.php(25): App\Models\Db_model->get_all_concours_jury()
 5 SYSTEMPATH/CodeIgniter.php(941): App\Controllers\Concours->afficher_jury()
 6 SYSTEMPATH/CodeIgniter.php(502): CodeIgniter\CodeIgniter->runController()
 7 SYSTEMPATH/CodeIgniter.php(361): CodeIgniter\CodeIgniter->handleRequest()
 8 FCPATH/index.php(102): CodeIgniter\CodeIgniter->run()
CRITICAL - 2024-11-24 15:18:41 --> [Caused by] mysqli_sql_exception: You have an error in your SQL syntax; check the manual that corresponds to your MariaDB server version for the right syntax to use near 'ORDER BY 
            CASE phase_conc(cnc.cnc_idT_CONCOURS_cnc)
           ...' at line 19
in SYSTEMPATH/Database/MySQLi/Connection.php on line 306.
 1 SYSTEMPATH/Database/MySQLi/Connection.php(306): mysqli->query()
 2 SYSTEMPATH/Database/BaseConnection.php(693): CodeIgniter\Database\MySQLi\Connection->execute()
 3 SYSTEMPATH/Database/BaseConnection.php(607): CodeIgniter\Database\BaseConnection->simpleQuery()
 4 APPPATH/Models/Db_model.php(122): CodeIgniter\Database\BaseConnection->query()
 5 APPPATH/Controllers/Concours.php(25): App\Models\Db_model->get_all_concours_jury()
 6 SYSTEMPATH/CodeIgniter.php(941): App\Controllers\Concours->afficher_jury()
 7 SYSTEMPATH/CodeIgniter.php(502): CodeIgniter\CodeIgniter->runController()
 8 SYSTEMPATH/CodeIgniter.php(361): CodeIgniter\CodeIgniter->handleRequest()
 9 FCPATH/index.php(102): CodeIgniter\CodeIgniter->run()
INFO - 2024-11-24 15:20:00 --> Session: Class initialized using 'CodeIgniter\Session\Handlers\FileHandler' driver.
ERROR - 2024-11-24 15:20:00 --> mysqli_sql_exception: You have an error in your SQL syntax; check the manual that corresponds to your MariaDB server version for the right syntax to use near 'ORDER BY 
            CASE phase_conc(id_concours)
                WHEN 'à...' at line 19 in /home/2024DIFAL3/e22406953/public_html/v1/ci/system/Database/MySQLi/Connection.php:306
Stack trace:
#0 /home/2024DIFAL3/e22406953/public_html/v1/ci/system/Database/MySQLi/Connection.php(306): mysqli->query()
#1 /home/2024DIFAL3/e22406953/public_html/v1/ci/system/Database/BaseConnection.php(693): CodeIgniter\Database\MySQLi\Connection->execute()
#2 /home/2024DIFAL3/e22406953/public_html/v1/ci/system/Database/BaseConnection.php(607): CodeIgniter\Database\BaseConnection->simpleQuery()
#3 /home/2024DIFAL3/e22406953/public_html/v1/ci/app/Models/Db_model.php(122): CodeIgniter\Database\BaseConnection->query()
#4 /home/2024DIFAL3/e22406953/public_html/v1/ci/app/Controllers/Concours.php(25): App\Models\Db_model->get_all_concours_jury()
#5 /home/2024DIFAL3/e22406953/public_html/v1/ci/system/CodeIgniter.php(941): App\Controllers\Concours->afficher_jury()
#6 /home/2024DIFAL3/e22406953/public_html/v1/ci/system/CodeIgniter.php(502): CodeIgniter\CodeIgniter->runController()
#7 /home/2024DIFAL3/e22406953/public_html/v1/ci/system/CodeIgniter.php(361): CodeIgniter\CodeIgniter->handleRequest()
#8 /home/2024DIFAL3/e22406953/public_html/v1/ci/public/index.php(102): CodeIgniter\CodeIgniter->run()
#9 {main}
CRITICAL - 2024-11-24 15:20:00 --> CodeIgniter\Database\Exceptions\DatabaseException: You have an error in your SQL syntax; check the manual that corresponds to your MariaDB server version for the right syntax to use near 'ORDER BY 
            CASE phase_conc(id_concours)
                WHEN 'à...' at line 19
in SYSTEMPATH/Database/BaseConnection.php on line 647.
 1 APPPATH/Models/Db_model.php(122): CodeIgniter\Database\BaseConnection->query()
 2 APPPATH/Controllers/Concours.php(25): App\Models\Db_model->get_all_concours_jury()
 3 SYSTEMPATH/CodeIgniter.php(941): App\Controllers\Concours->afficher_jury()
 4 SYSTEMPATH/CodeIgniter.php(502): CodeIgniter\CodeIgniter->runController()
 5 SYSTEMPATH/CodeIgniter.php(361): CodeIgniter\CodeIgniter->handleRequest()
 6 FCPATH/index.php(102): CodeIgniter\CodeIgniter->run()
CRITICAL - 2024-11-24 15:20:00 --> [Caused by] CodeIgniter\Database\Exceptions\DatabaseException: You have an error in your SQL syntax; check the manual that corresponds to your MariaDB server version for the right syntax to use near 'ORDER BY 
            CASE phase_conc(id_concours)
                WHEN 'à...' at line 19
in SYSTEMPATH/Database/MySQLi/Connection.php on line 311.
 1 SYSTEMPATH/Database/BaseConnection.php(693): CodeIgniter\Database\MySQLi\Connection->execute()
 2 SYSTEMPATH/Database/BaseConnection.php(607): CodeIgniter\Database\BaseConnection->simpleQuery()
 3 APPPATH/Models/Db_model.php(122): CodeIgniter\Database\BaseConnection->query()
 4 APPPATH/Controllers/Concours.php(25): App\Models\Db_model->get_all_concours_jury()
 5 SYSTEMPATH/CodeIgniter.php(941): App\Controllers\Concours->afficher_jury()
 6 SYSTEMPATH/CodeIgniter.php(502): CodeIgniter\CodeIgniter->runController()
 7 SYSTEMPATH/CodeIgniter.php(361): CodeIgniter\CodeIgniter->handleRequest()
 8 FCPATH/index.php(102): CodeIgniter\CodeIgniter->run()
CRITICAL - 2024-11-24 15:20:00 --> [Caused by] mysqli_sql_exception: You have an error in your SQL syntax; check the manual that corresponds to your MariaDB server version for the right syntax to use near 'ORDER BY 
            CASE phase_conc(id_concours)
                WHEN 'à...' at line 19
in SYSTEMPATH/Database/MySQLi/Connection.php on line 306.
 1 SYSTEMPATH/Database/MySQLi/Connection.php(306): mysqli->query()
 2 SYSTEMPATH/Database/BaseConnection.php(693): CodeIgniter\Database\MySQLi\Connection->execute()
 3 SYSTEMPATH/Database/BaseConnection.php(607): CodeIgniter\Database\BaseConnection->simpleQuery()
 4 APPPATH/Models/Db_model.php(122): CodeIgniter\Database\BaseConnection->query()
 5 APPPATH/Controllers/Concours.php(25): App\Models\Db_model->get_all_concours_jury()
 6 SYSTEMPATH/CodeIgniter.php(941): App\Controllers\Concours->afficher_jury()
 7 SYSTEMPATH/CodeIgniter.php(502): CodeIgniter\CodeIgniter->runController()
 8 SYSTEMPATH/CodeIgniter.php(361): CodeIgniter\CodeIgniter->handleRequest()
 9 FCPATH/index.php(102): CodeIgniter\CodeIgniter->run()
INFO - 2024-11-24 15:20:02 --> Session: Class initialized using 'CodeIgniter\Session\Handlers\FileHandler' driver.
ERROR - 2024-11-24 15:20:02 --> mysqli_sql_exception: You have an error in your SQL syntax; check the manual that corresponds to your MariaDB server version for the right syntax to use near 'ORDER BY 
            CASE phase_conc(id_concours)
                WHEN 'à...' at line 19 in /home/2024DIFAL3/e22406953/public_html/v1/ci/system/Database/MySQLi/Connection.php:306
Stack trace:
#0 /home/2024DIFAL3/e22406953/public_html/v1/ci/system/Database/MySQLi/Connection.php(306): mysqli->query()
#1 /home/2024DIFAL3/e22406953/public_html/v1/ci/system/Database/BaseConnection.php(693): CodeIgniter\Database\MySQLi\Connection->execute()
#2 /home/2024DIFAL3/e22406953/public_html/v1/ci/system/Database/BaseConnection.php(607): CodeIgniter\Database\BaseConnection->simpleQuery()
#3 /home/2024DIFAL3/e22406953/public_html/v1/ci/app/Models/Db_model.php(122): CodeIgniter\Database\BaseConnection->query()
#4 /home/2024DIFAL3/e22406953/public_html/v1/ci/app/Controllers/Concours.php(25): App\Models\Db_model->get_all_concours_jury()
#5 /home/2024DIFAL3/e22406953/public_html/v1/ci/system/CodeIgniter.php(941): App\Controllers\Concours->afficher_jury()
#6 /home/2024DIFAL3/e22406953/public_html/v1/ci/system/CodeIgniter.php(502): CodeIgniter\CodeIgniter->runController()
#7 /home/2024DIFAL3/e22406953/public_html/v1/ci/system/CodeIgniter.php(361): CodeIgniter\CodeIgniter->handleRequest()
#8 /home/2024DIFAL3/e22406953/public_html/v1/ci/public/index.php(102): CodeIgniter\CodeIgniter->run()
#9 {main}
CRITICAL - 2024-11-24 15:20:02 --> CodeIgniter\Database\Exceptions\DatabaseException: You have an error in your SQL syntax; check the manual that corresponds to your MariaDB server version for the right syntax to use near 'ORDER BY 
            CASE phase_conc(id_concours)
                WHEN 'à...' at line 19
in SYSTEMPATH/Database/BaseConnection.php on line 647.
 1 APPPATH/Models/Db_model.php(122): CodeIgniter\Database\BaseConnection->query()
 2 APPPATH/Controllers/Concours.php(25): App\Models\Db_model->get_all_concours_jury()
 3 SYSTEMPATH/CodeIgniter.php(941): App\Controllers\Concours->afficher_jury()
 4 SYSTEMPATH/CodeIgniter.php(502): CodeIgniter\CodeIgniter->runController()
 5 SYSTEMPATH/CodeIgniter.php(361): CodeIgniter\CodeIgniter->handleRequest()
 6 FCPATH/index.php(102): CodeIgniter\CodeIgniter->run()
CRITICAL - 2024-11-24 15:20:02 --> [Caused by] CodeIgniter\Database\Exceptions\DatabaseException: You have an error in your SQL syntax; check the manual that corresponds to your MariaDB server version for the right syntax to use near 'ORDER BY 
            CASE phase_conc(id_concours)
                WHEN 'à...' at line 19
in SYSTEMPATH/Database/MySQLi/Connection.php on line 311.
 1 SYSTEMPATH/Database/BaseConnection.php(693): CodeIgniter\Database\MySQLi\Connection->execute()
 2 SYSTEMPATH/Database/BaseConnection.php(607): CodeIgniter\Database\BaseConnection->simpleQuery()
 3 APPPATH/Models/Db_model.php(122): CodeIgniter\Database\BaseConnection->query()
 4 APPPATH/Controllers/Concours.php(25): App\Models\Db_model->get_all_concours_jury()
 5 SYSTEMPATH/CodeIgniter.php(941): App\Controllers\Concours->afficher_jury()
 6 SYSTEMPATH/CodeIgniter.php(502): CodeIgniter\CodeIgniter->runController()
 7 SYSTEMPATH/CodeIgniter.php(361): CodeIgniter\CodeIgniter->handleRequest()
 8 FCPATH/index.php(102): CodeIgniter\CodeIgniter->run()
CRITICAL - 2024-11-24 15:20:02 --> [Caused by] mysqli_sql_exception: You have an error in your SQL syntax; check the manual that corresponds to your MariaDB server version for the right syntax to use near 'ORDER BY 
            CASE phase_conc(id_concours)
                WHEN 'à...' at line 19
in SYSTEMPATH/Database/MySQLi/Connection.php on line 306.
 1 SYSTEMPATH/Database/MySQLi/Connection.php(306): mysqli->query()
 2 SYSTEMPATH/Database/BaseConnection.php(693): CodeIgniter\Database\MySQLi\Connection->execute()
 3 SYSTEMPATH/Database/BaseConnection.php(607): CodeIgniter\Database\BaseConnection->simpleQuery()
 4 APPPATH/Models/Db_model.php(122): CodeIgniter\Database\BaseConnection->query()
 5 APPPATH/Controllers/Concours.php(25): App\Models\Db_model->get_all_concours_jury()
 6 SYSTEMPATH/CodeIgniter.php(941): App\Controllers\Concours->afficher_jury()
 7 SYSTEMPATH/CodeIgniter.php(502): CodeIgniter\CodeIgniter->runController()
 8 SYSTEMPATH/CodeIgniter.php(361): CodeIgniter\CodeIgniter->handleRequest()
 9 FCPATH/index.php(102): CodeIgniter\CodeIgniter->run()
INFO - 2024-11-24 15:20:54 --> Session: Class initialized using 'CodeIgniter\Session\Handlers\FileHandler' driver.
INFO - 2024-11-24 15:29:22 --> Session: Class initialized using 'CodeIgniter\Session\Handlers\FileHandler' driver.
INFO - 2024-11-24 15:29:23 --> Session: Class initialized using 'CodeIgniter\Session\Handlers\FileHandler' driver.
INFO - 2024-11-24 15:29:26 --> Session: Class initialized using 'CodeIgniter\Session\Handlers\FileHandler' driver.
INFO - 2024-11-24 15:30:50 --> Session: Class initialized using 'CodeIgniter\Session\Handlers\FileHandler' driver.
INFO - 2024-11-24 15:37:00 --> Session: Class initialized using 'CodeIgniter\Session\Handlers\FileHandler' driver.
CRITICAL - 2024-11-24 15:37:00 --> ErrorException: Undefined variable $role
in APPPATH/Views/menu_administrateur.php on line 4.
 1 APPPATH/Views/menu_administrateur.php(4): CodeIgniter\Debug\Exceptions->errorHandler()
 2 SYSTEMPATH/View/View.php(228): include('/home/2024DIFAL3/e22406953/public_html/v1/ci/app/Views/menu_administrateur.php')
 3 SYSTEMPATH/View/View.php(231): CodeIgniter\View\View->CodeIgniter\View\{closure}()
 4 SYSTEMPATH/Common.php(1178): CodeIgniter\View\View->render()
 5 APPPATH/Controllers/Concours.php(28): view()
 6 SYSTEMPATH/CodeIgniter.php(941): App\Controllers\Concours->afficher_jury()
 7 SYSTEMPATH/CodeIgniter.php(502): CodeIgniter\CodeIgniter->runController()
 8 SYSTEMPATH/CodeIgniter.php(361): CodeIgniter\CodeIgniter->handleRequest()
 9 FCPATH/index.php(102): CodeIgniter\CodeIgniter->run()
INFO - 2024-11-24 15:39:06 --> Session: Class initialized using 'CodeIgniter\Session\Handlers\FileHandler' driver.
CRITICAL - 2024-11-24 15:39:06 --> CodeIgniter\View\Exceptions\ViewException: Invalid file: "affichage_concours_jury.php"
in SYSTEMPATH/Exceptions/FrameworkException.php on line 39.
 1 SYSTEMPATH/View/View.php(216): CodeIgniter\Exceptions\FrameworkException::forInvalidFile()
 2 SYSTEMPATH/Common.php(1178): CodeIgniter\View\View->render()
 3 APPPATH/Controllers/Concours.php(43): view()
 4 SYSTEMPATH/CodeIgniter.php(941): App\Controllers\Concours->afficher_jury()
 5 SYSTEMPATH/CodeIgniter.php(502): CodeIgniter\CodeIgniter->runController()
 6 SYSTEMPATH/CodeIgniter.php(361): CodeIgniter\CodeIgniter->handleRequest()
 7 FCPATH/index.php(102): CodeIgniter\CodeIgniter->run()
INFO - 2024-11-24 15:40:04 --> Session: Class initialized using 'CodeIgniter\Session\Handlers\FileHandler' driver.
INFO - 2024-11-24 15:41:49 --> Session: Class initialized using 'CodeIgniter\Session\Handlers\FileHandler' driver.
INFO - 2024-11-24 15:42:56 --> Session: Class initialized using 'CodeIgniter\Session\Handlers\FileHandler' driver.
INFO - 2024-11-24 15:42:59 --> Session: Class initialized using 'CodeIgniter\Session\Handlers\FileHandler' driver.
INFO - 2024-11-24 15:43:09 --> Session: Class initialized using 'CodeIgniter\Session\Handlers\FileHandler' driver.
INFO - 2024-11-24 15:44:35 --> Session: Class initialized using 'CodeIgniter\Session\Handlers\FileHandler' driver.
INFO - 2024-11-24 15:44:38 --> Session: Class initialized using 'CodeIgniter\Session\Handlers\FileHandler' driver.
INFO - 2024-11-24 15:52:40 --> Session: Class initialized using 'CodeIgniter\Session\Handlers\FileHandler' driver.
INFO - 2024-11-24 15:52:43 --> Session: Class initialized using 'CodeIgniter\Session\Handlers\FileHandler' driver.
INFO - 2024-11-24 15:52:49 --> Session: Class initialized using 'CodeIgniter\Session\Handlers\FileHandler' driver.
INFO - 2024-11-24 15:53:30 --> Session: Class initialized using 'CodeIgniter\Session\Handlers\FileHandler' driver.
INFO - 2024-11-24 15:53:31 --> Session: Class initialized using 'CodeIgniter\Session\Handlers\FileHandler' driver.
INFO - 2024-11-24 15:53:47 --> Session: Class initialized using 'CodeIgniter\Session\Handlers\FileHandler' driver.
INFO - 2024-11-24 15:56:09 --> Session: Class initialized using 'CodeIgniter\Session\Handlers\FileHandler' driver.
INFO - 2024-11-24 15:56:10 --> Session: Class initialized using 'CodeIgniter\Session\Handlers\FileHandler' driver.
INFO - 2024-11-24 15:56:11 --> Session: Class initialized using 'CodeIgniter\Session\Handlers\FileHandler' driver.
INFO - 2024-11-24 15:56:14 --> Session: Class initialized using 'CodeIgniter\Session\Handlers\FileHandler' driver.
INFO - 2024-11-24 15:56:17 --> Session: Class initialized using 'CodeIgniter\Session\Handlers\FileHandler' driver.
INFO - 2024-11-24 15:56:19 --> Session: Class initialized using 'CodeIgniter\Session\Handlers\FileHandler' driver.
INFO - 2024-11-24 15:56:22 --> Session: Class initialized using 'CodeIgniter\Session\Handlers\FileHandler' driver.
INFO - 2024-11-24 15:57:05 --> Session: Class initialized using 'CodeIgniter\Session\Handlers\FileHandler' driver.
INFO - 2024-11-24 15:58:16 --> Session: Class initialized using 'CodeIgniter\Session\Handlers\FileHandler' driver.
INFO - 2024-11-24 15:58:18 --> Session: Class initialized using 'CodeIgniter\Session\Handlers\FileHandler' driver.
INFO - 2024-11-24 15:59:01 --> Session: Class initialized using 'CodeIgniter\Session\Handlers\FileHandler' driver.
CRITICAL - 2024-11-24 15:59:01 --> CodeIgniter\View\Exceptions\ViewException: Invalid file: "affichage_concours_jury.php"
in SYSTEMPATH/Exceptions/FrameworkException.php on line 39.
 1 SYSTEMPATH/View/View.php(216): CodeIgniter\Exceptions\FrameworkException::forInvalidFile()
 2 SYSTEMPATH/Common.php(1178): CodeIgniter\View\View->render()
 3 APPPATH/Controllers/Concours.php(43): view()
 4 SYSTEMPATH/CodeIgniter.php(941): App\Controllers\Concours->afficher_jury()
 5 SYSTEMPATH/CodeIgniter.php(502): CodeIgniter\CodeIgniter->runController()
 6 SYSTEMPATH/CodeIgniter.php(361): CodeIgniter\CodeIgniter->handleRequest()
 7 FCPATH/index.php(102): CodeIgniter\CodeIgniter->run()
INFO - 2024-11-24 15:59:02 --> Session: Class initialized using 'CodeIgniter\Session\Handlers\FileHandler' driver.
CRITICAL - 2024-11-24 15:59:02 --> CodeIgniter\View\Exceptions\ViewException: Invalid file: "affichage_concours_jury.php"
in SYSTEMPATH/Exceptions/FrameworkException.php on line 39.
 1 SYSTEMPATH/View/View.php(216): CodeIgniter\Exceptions\FrameworkException::forInvalidFile()
 2 SYSTEMPATH/Common.php(1178): CodeIgniter\View\View->render()
 3 APPPATH/Controllers/Concours.php(43): view()
 4 SYSTEMPATH/CodeIgniter.php(941): App\Controllers\Concours->afficher_jury()
 5 SYSTEMPATH/CodeIgniter.php(502): CodeIgniter\CodeIgniter->runController()
 6 SYSTEMPATH/CodeIgniter.php(361): CodeIgniter\CodeIgniter->handleRequest()
 7 FCPATH/index.php(102): CodeIgniter\CodeIgniter->run()
INFO - 2024-11-24 15:59:39 --> Session: Class initialized using 'CodeIgniter\Session\Handlers\FileHandler' driver.
INFO - 2024-11-24 16:00:08 --> Session: Class initialized using 'CodeIgniter\Session\Handlers\FileHandler' driver.
INFO - 2024-11-24 16:32:55 --> Session: Class initialized using 'CodeIgniter\Session\Handlers\FileHandler' driver.
INFO - 2024-11-24 16:34:46 --> Session: Class initialized using 'CodeIgniter\Session\Handlers\FileHandler' driver.
INFO - 2024-11-24 16:35:07 --> Session: Class initialized using 'CodeIgniter\Session\Handlers\FileHandler' driver.
INFO - 2024-11-24 16:38:09 --> Session: Class initialized using 'CodeIgniter\Session\Handlers\FileHandler' driver.
INFO - 2024-11-24 16:39:17 --> Session: Class initialized using 'CodeIgniter\Session\Handlers\FileHandler' driver.
INFO - 2024-11-24 16:43:00 --> Session: Class initialized using 'CodeIgniter\Session\Handlers\FileHandler' driver.
INFO - 2024-11-24 16:44:32 --> Session: Class initialized using 'CodeIgniter\Session\Handlers\FileHandler' driver.
INFO - 2024-11-24 16:45:54 --> Session: Class initialized using 'CodeIgniter\Session\Handlers\FileHandler' driver.
INFO - 2024-11-24 16:47:12 --> Session: Class initialized using 'CodeIgniter\Session\Handlers\FileHandler' driver.
INFO - 2024-11-24 16:47:37 --> Session: Class initialized using 'CodeIgniter\Session\Handlers\FileHandler' driver.
INFO - 2024-11-24 17:10:45 --> Session: Class initialized using 'CodeIgniter\Session\Handlers\FileHandler' driver.
INFO - 2024-11-24 17:13:38 --> Session: Class initialized using 'CodeIgniter\Session\Handlers\FileHandler' driver.
CRITICAL - 2024-11-24 17:13:40 --> ErrorException: Undefined variable $role
in APPPATH/Views/menu_administrateur.php on line 4.
 1 APPPATH/Views/menu_administrateur.php(4): CodeIgniter\Debug\Exceptions->errorHandler()
 2 SYSTEMPATH/View/View.php(228): include('/home/2024DIFAL3/e22406953/public_html/v1/ci/app/Views/menu_administrateur.php')
 3 SYSTEMPATH/View/View.php(231): CodeIgniter\View\View->CodeIgniter\View\{closure}()
 4 SYSTEMPATH/Common.php(1178): CodeIgniter\View\View->render()
 5 APPPATH/Controllers/Candidature.php(44): view()
 6 SYSTEMPATH/CodeIgniter.php(941): App\Controllers\Candidature->afficher_candidatures()
 7 SYSTEMPATH/CodeIgniter.php(502): CodeIgniter\CodeIgniter->runController()
 8 SYSTEMPATH/CodeIgniter.php(361): CodeIgniter\CodeIgniter->handleRequest()
 9 FCPATH/index.php(102): CodeIgniter\CodeIgniter->run()
INFO - 2024-11-24 17:16:23 --> Session: Class initialized using 'CodeIgniter\Session\Handlers\FileHandler' driver.
INFO - 2024-11-24 17:17:25 --> Session: Class initialized using 'CodeIgniter\Session\Handlers\FileHandler' driver.
INFO - 2024-11-24 17:28:06 --> Session: Class initialized using 'CodeIgniter\Session\Handlers\FileHandler' driver.
INFO - 2024-11-24 17:29:34 --> Session: Class initialized using 'CodeIgniter\Session\Handlers\FileHandler' driver.
CRITICAL - 2024-11-24 17:29:34 --> ErrorException: Undefined array key "doc_description"
in APPPATH/Views/affichage_candidats.php on line 25.
 1 APPPATH/Views/affichage_candidats.php(25): CodeIgniter\Debug\Exceptions->errorHandler()
 2 SYSTEMPATH/View/View.php(228): include('/home/2024DIFAL3/e22406953/public_html/v1/ci/app/Views/affichage_candidats.php')
 3 SYSTEMPATH/View/View.php(231): CodeIgniter\View\View->CodeIgniter\View\{closure}()
 4 SYSTEMPATH/Common.php(1178): CodeIgniter\View\View->render()
 5 APPPATH/Controllers/Candidature.php(56): view()
 6 SYSTEMPATH/CodeIgniter.php(941): App\Controllers\Candidature->afficher_candidatures()
 7 SYSTEMPATH/CodeIgniter.php(502): CodeIgniter\CodeIgniter->runController()
 8 SYSTEMPATH/CodeIgniter.php(361): CodeIgniter\CodeIgniter->handleRequest()
 9 FCPATH/index.php(102): CodeIgniter\CodeIgniter->run()
INFO - 2024-11-24 17:29:51 --> Session: Class initialized using 'CodeIgniter\Session\Handlers\FileHandler' driver.
INFO - 2024-11-24 17:30:48 --> Session: Class initialized using 'CodeIgniter\Session\Handlers\FileHandler' driver.
INFO - 2024-11-24 17:31:06 --> Session: Class initialized using 'CodeIgniter\Session\Handlers\FileHandler' driver.
INFO - 2024-11-24 17:34:20 --> Session: Class initialized using 'CodeIgniter\Session\Handlers\FileHandler' driver.
INFO - 2024-11-24 17:35:55 --> Session: Class initialized using 'CodeIgniter\Session\Handlers\FileHandler' driver.
INFO - 2024-11-24 17:36:11 --> Session: Class initialized using 'CodeIgniter\Session\Handlers\FileHandler' driver.
INFO - 2024-11-24 17:36:21 --> Session: Class initialized using 'CodeIgniter\Session\Handlers\FileHandler' driver.
INFO - 2024-11-24 17:36:33 --> Session: Class initialized using 'CodeIgniter\Session\Handlers\FileHandler' driver.
INFO - 2024-11-24 17:36:44 --> Session: Class initialized using 'CodeIgniter\Session\Handlers\FileHandler' driver.
INFO - 2024-11-24 17:36:54 --> Session: Class initialized using 'CodeIgniter\Session\Handlers\FileHandler' driver.
INFO - 2024-11-24 17:37:25 --> Session: Class initialized using 'CodeIgniter\Session\Handlers\FileHandler' driver.
INFO - 2024-11-24 17:40:45 --> Session: Class initialized using 'CodeIgniter\Session\Handlers\FileHandler' driver.
CRITICAL - 2024-11-24 17:40:45 --> InvalidArgumentException: Invalid escape context provided.
in SYSTEMPATH/Common.php on line 446.
 1 APPPATH/Views/affichage_candidats.php(23): esc()
 2 SYSTEMPATH/View/View.php(228): include('/home/2024DIFAL3/e22406953/public_html/v1/ci/app/Views/affichage_candidats.php')
 3 SYSTEMPATH/View/View.php(231): CodeIgniter\View\View->CodeIgniter\View\{closure}()
 4 SYSTEMPATH/Common.php(1178): CodeIgniter\View\View->render()
 5 APPPATH/Controllers/Candidature.php(56): view()
 6 SYSTEMPATH/CodeIgniter.php(941): App\Controllers\Candidature->afficher_candidatures()
 7 SYSTEMPATH/CodeIgniter.php(502): CodeIgniter\CodeIgniter->runController()
 8 SYSTEMPATH/CodeIgniter.php(361): CodeIgniter\CodeIgniter->handleRequest()
 9 FCPATH/index.php(102): CodeIgniter\CodeIgniter->run()
INFO - 2024-11-24 17:41:33 --> Session: Class initialized using 'CodeIgniter\Session\Handlers\FileHandler' driver.
WARNING - 2024-11-24 17:41:33 --> [DEPRECATED] nl2br(): Passing null to parameter #1 ($string) of type string is deprecated in APPPATH/Views/affichage_candidats.php on line 23.
 1 APPPATH/Views/affichage_candidats.php(23): nl2br(null)
 2 SYSTEMPATH/View/View.php(228): include('/home/2024DIFAL3/e22406953/public_html/v1/ci/app/Views/affichage_candidats.php')
 3 SYSTEMPATH/View/View.php(231): CodeIgniter\View\View->CodeIgniter\View\{closure}()
 4 SYSTEMPATH/Common.php(1178): CodeIgniter\View\View->render('affichage_candidats', [], true)
 5 APPPATH/Controllers/Candidature.php(56): view('affichage_candidats', [...])
 6 SYSTEMPATH/CodeIgniter.php(941): App\Controllers\Candidature->afficher_candidatures('8')
 7 SYSTEMPATH/CodeIgniter.php(502): CodeIgniter\CodeIgniter->runController(Object(App\Controllers\Candidature))
 8 SYSTEMPATH/CodeIgniter.php(361): CodeIgniter\CodeIgniter->handleRequest(null, Object(Config\Cache), false)
 9 FCPATH/index.php(102): CodeIgniter\CodeIgniter->run()
INFO - 2024-11-24 17:53:03 --> Session: Class initialized using 'CodeIgniter\Session\Handlers\FileHandler' driver.
WARNING - 2024-11-24 17:53:03 --> [DEPRECATED] explode(): Passing null to parameter #2 ($string) of type string is deprecated in APPPATH/Views/affichage_candidats.php on line 25.
 1 APPPATH/Views/affichage_candidats.php(25): explode('<br>', null)
 2 SYSTEMPATH/View/View.php(228): include('/home/2024DIFAL3/e22406953/public_html/v1/ci/app/Views/affichage_candidats.php')
 3 SYSTEMPATH/View/View.php(231): CodeIgniter\View\View->CodeIgniter\View\{closure}()
 4 SYSTEMPATH/Common.php(1178): CodeIgniter\View\View->render('affichage_candidats', [], true)
 5 APPPATH/Controllers/Candidature.php(56): view('affichage_candidats', [...])
 6 SYSTEMPATH/CodeIgniter.php(941): App\Controllers\Candidature->afficher_candidatures('8')
 7 SYSTEMPATH/CodeIgniter.php(502): CodeIgniter\CodeIgniter->runController(Object(App\Controllers\Candidature))
 8 SYSTEMPATH/CodeIgniter.php(361): CodeIgniter\CodeIgniter->handleRequest(null, Object(Config\Cache), false)
 9 FCPATH/index.php(102): CodeIgniter\CodeIgniter->run()
INFO - 2024-11-24 17:54:23 --> Session: Class initialized using 'CodeIgniter\Session\Handlers\FileHandler' driver.
WARNING - 2024-11-24 17:54:23 --> [DEPRECATED] explode(): Passing null to parameter #2 ($string) of type string is deprecated in APPPATH/Views/affichage_candidats.php on line 26.
 1 APPPATH/Views/affichage_candidats.php(26): explode(',', null)
 2 SYSTEMPATH/View/View.php(228): include('/home/2024DIFAL3/e22406953/public_html/v1/ci/app/Views/affichage_candidats.php')
 3 SYSTEMPATH/View/View.php(231): CodeIgniter\View\View->CodeIgniter\View\{closure}()
 4 SYSTEMPATH/Common.php(1178): CodeIgniter\View\View->render('affichage_candidats', [], true)
 5 APPPATH/Controllers/Candidature.php(56): view('affichage_candidats', [...])
 6 SYSTEMPATH/CodeIgniter.php(941): App\Controllers\Candidature->afficher_candidatures('8')
 7 SYSTEMPATH/CodeIgniter.php(502): CodeIgniter\CodeIgniter->runController(Object(App\Controllers\Candidature))
 8 SYSTEMPATH/CodeIgniter.php(361): CodeIgniter\CodeIgniter->handleRequest(null, Object(Config\Cache), false)
 9 FCPATH/index.php(102): CodeIgniter\CodeIgniter->run()
INFO - 2024-11-24 17:57:01 --> Session: Class initialized using 'CodeIgniter\Session\Handlers\FileHandler' driver.
WARNING - 2024-11-24 17:57:01 --> [DEPRECATED] explode(): Passing null to parameter #2 ($string) of type string is deprecated in APPPATH/Views/affichage_candidats.php on line 26.
 1 APPPATH/Views/affichage_candidats.php(26): explode(',', null)
 2 SYSTEMPATH/View/View.php(228): include('/home/2024DIFAL3/e22406953/public_html/v1/ci/app/Views/affichage_candidats.php')
 3 SYSTEMPATH/View/View.php(231): CodeIgniter\View\View->CodeIgniter\View\{closure}()
 4 SYSTEMPATH/Common.php(1178): CodeIgniter\View\View->render('affichage_candidats', [], true)
 5 APPPATH/Controllers/Candidature.php(56): view('affichage_candidats', [...])
 6 SYSTEMPATH/CodeIgniter.php(941): App\Controllers\Candidature->afficher_candidatures('8')
 7 SYSTEMPATH/CodeIgniter.php(502): CodeIgniter\CodeIgniter->runController(Object(App\Controllers\Candidature))
 8 SYSTEMPATH/CodeIgniter.php(361): CodeIgniter\CodeIgniter->handleRequest(null, Object(Config\Cache), false)
 9 FCPATH/index.php(102): CodeIgniter\CodeIgniter->run()
INFO - 2024-11-24 18:31:36 --> Session: Class initialized using 'CodeIgniter\Session\Handlers\FileHandler' driver.
INFO - 2024-11-24 18:31:38 --> Session: Class initialized using 'CodeIgniter\Session\Handlers\FileHandler' driver.
INFO - 2024-11-24 18:31:40 --> Session: Class initialized using 'CodeIgniter\Session\Handlers\FileHandler' driver.
INFO - 2024-11-24 18:31:41 --> Session: Class initialized using 'CodeIgniter\Session\Handlers\FileHandler' driver.
INFO - 2024-11-24 18:31:42 --> Session: Class initialized using 'CodeIgniter\Session\Handlers\FileHandler' driver.
INFO - 2024-11-24 18:31:45 --> Session: Class initialized using 'CodeIgniter\Session\Handlers\FileHandler' driver.
INFO - 2024-11-24 18:31:47 --> Session: Class initialized using 'CodeIgniter\Session\Handlers\FileHandler' driver.
INFO - 2024-11-24 18:31:47 --> Session: Class initialized using 'CodeIgniter\Session\Handlers\FileHandler' driver.
INFO - 2024-11-24 18:31:49 --> Session: Class initialized using 'CodeIgniter\Session\Handlers\FileHandler' driver.
WARNING - 2024-11-24 18:31:49 --> [DEPRECATED] explode(): Passing null to parameter #2 ($string) of type string is deprecated in APPPATH/Views/affichage_candidats.php on line 26.
 1 APPPATH/Views/affichage_candidats.php(26): explode(',', null)
 2 SYSTEMPATH/View/View.php(228): include('/home/2024DIFAL3/e22406953/public_html/v1/ci/app/Views/affichage_candidats.php')
 3 SYSTEMPATH/View/View.php(231): CodeIgniter\View\View->CodeIgniter\View\{closure}()
 4 SYSTEMPATH/Common.php(1178): CodeIgniter\View\View->render('affichage_candidats', [], true)
 5 APPPATH/Controllers/Candidature.php(56): view('affichage_candidats', [...])
 6 SYSTEMPATH/CodeIgniter.php(941): App\Controllers\Candidature->afficher_candidatures('8')
 7 SYSTEMPATH/CodeIgniter.php(502): CodeIgniter\CodeIgniter->runController(Object(App\Controllers\Candidature))
 8 SYSTEMPATH/CodeIgniter.php(361): CodeIgniter\CodeIgniter->handleRequest(null, Object(Config\Cache), false)
 9 FCPATH/index.php(102): CodeIgniter\CodeIgniter->run()
INFO - 2024-11-24 18:31:54 --> Session: Class initialized using 'CodeIgniter\Session\Handlers\FileHandler' driver.
INFO - 2024-11-24 18:31:55 --> Session: Class initialized using 'CodeIgniter\Session\Handlers\FileHandler' driver.
WARNING - 2024-11-24 18:31:55 --> [DEPRECATED] explode(): Passing null to parameter #2 ($string) of type string is deprecated in APPPATH/Views/affichage_candidats.php on line 26.
 1 APPPATH/Views/affichage_candidats.php(26): explode(',', null)
 2 SYSTEMPATH/View/View.php(228): include('/home/2024DIFAL3/e22406953/public_html/v1/ci/app/Views/affichage_candidats.php')
 3 SYSTEMPATH/View/View.php(231): CodeIgniter\View\View->CodeIgniter\View\{closure}()
 4 SYSTEMPATH/Common.php(1178): CodeIgniter\View\View->render('affichage_candidats', [], true)
 5 APPPATH/Controllers/Candidature.php(56): view('affichage_candidats', [...])
 6 SYSTEMPATH/CodeIgniter.php(941): App\Controllers\Candidature->afficher_candidatures('8')
 7 SYSTEMPATH/CodeIgniter.php(502): CodeIgniter\CodeIgniter->runController(Object(App\Controllers\Candidature))
 8 SYSTEMPATH/CodeIgniter.php(361): CodeIgniter\CodeIgniter->handleRequest(null, Object(Config\Cache), false)
 9 FCPATH/index.php(102): CodeIgniter\CodeIgniter->run()
INFO - 2024-11-24 18:32:58 --> Session: Class initialized using 'CodeIgniter\Session\Handlers\FileHandler' driver.
INFO - 2024-11-24 18:33:03 --> Session: Class initialized using 'CodeIgniter\Session\Handlers\FileHandler' driver.
