INFO - 2024-12-23 15:56:47 --> Session: Class initialized using 'CodeIgniter\Session\Handlers\FileHandler' driver.
INFO - 2024-12-23 15:56:56 --> Session: Class initialized using 'CodeIgniter\Session\Handlers\FileHandler' driver.
INFO - 2024-12-23 15:56:56 --> Session: Class initialized using 'CodeIgniter\Session\Handlers\FileHandler' driver.
INFO - 2024-12-23 15:57:01 --> Session: Class initialized using 'CodeIgniter\Session\Handlers\FileHandler' driver.
INFO - 2024-12-23 15:57:01 --> Session: Class initialized using 'CodeIgniter\Session\Handlers\FileHandler' driver.
INFO - 2024-12-23 15:57:08 --> Session: Class initialized using 'CodeIgniter\Session\Handlers\FileHandler' driver.
INFO - 2024-12-23 15:57:08 --> Session: Class initialized using 'CodeIgniter\Session\Handlers\FileHandler' driver.
INFO - 2024-12-23 15:57:44 --> Session: Class initialized using 'CodeIgniter\Session\Handlers\FileHandler' driver.
INFO - 2024-12-23 15:57:44 --> Session: Class initialized using 'CodeIgniter\Session\Handlers\FileHandler' driver.
INFO - 2024-12-23 15:58:35 --> Session: Class initialized using 'CodeIgniter\Session\Handlers\FileHandler' driver.
INFO - 2024-12-23 16:08:38 --> Session: Class initialized using 'CodeIgniter\Session\Handlers\FileHandler' driver.
INFO - 2024-12-23 16:08:54 --> Session: Class initialized using 'CodeIgniter\Session\Handlers\FileHandler' driver.
INFO - 2024-12-23 16:14:41 --> Session: Class initialized using 'CodeIgniter\Session\Handlers\FileHandler' driver.
INFO - 2024-12-23 16:14:53 --> Session: Class initialized using 'CodeIgniter\Session\Handlers\FileHandler' driver.
INFO - 2024-12-23 16:15:04 --> Session: Class initialized using 'CodeIgniter\Session\Handlers\FileHandler' driver.
INFO - 2024-12-23 16:15:09 --> Session: Class initialized using 'CodeIgniter\Session\Handlers\FileHandler' driver.
INFO - 2024-12-23 16:15:18 --> Session: Class initialized using 'CodeIgniter\Session\Handlers\FileHandler' driver.
INFO - 2024-12-23 16:15:24 --> Session: Class initialized using 'CodeIgniter\Session\Handlers\FileHandler' driver.
INFO - 2024-12-23 16:15:30 --> Session: Class initialized using 'CodeIgniter\Session\Handlers\FileHandler' driver.
INFO - 2024-12-23 16:15:42 --> Session: Class initialized using 'CodeIgniter\Session\Handlers\FileHandler' driver.
INFO - 2024-12-23 16:15:58 --> Session: Class initialized using 'CodeIgniter\Session\Handlers\FileHandler' driver.
INFO - 2024-12-23 16:16:06 --> Session: Class initialized using 'CodeIgniter\Session\Handlers\FileHandler' driver.
INFO - 2024-12-23 16:20:23 --> Session: Class initialized using 'CodeIgniter\Session\Handlers\FileHandler' driver.
INFO - 2024-12-23 16:21:00 --> Session: Class initialized using 'CodeIgniter\Session\Handlers\FileHandler' driver.
INFO - 2024-12-23 16:21:02 --> Session: Class initialized using 'CodeIgniter\Session\Handlers\FileHandler' driver.
INFO - 2024-12-23 16:32:54 --> Session: Class initialized using 'CodeIgniter\Session\Handlers\FileHandler' driver.
WARNING - 2024-12-23 16:32:54 --> [DEPRECATED] explode(): Passing null to parameter #2 ($string) of type string is deprecated in APPPATH/Views/affichage_candidats.php on line 30.
 1 APPPATH/Views/affichage_candidats.php(30): explode(',', null)
 2 SYSTEMPATH/View/View.php(228): include('/home/2024DIFAL3/e22406953/public_html/V43/ci/app/Views/affichage_candidats.php')
 3 SYSTEMPATH/View/View.php(231): CodeIgniter\View\View->CodeIgniter\View\{closure}()
 4 SYSTEMPATH/Common.php(1178): CodeIgniter\View\View->render('affichage_candidats', [], true)
 5 APPPATH/Controllers/Candidature.php(101): view('affichage_candidats', [...])
 6 SYSTEMPATH/CodeIgniter.php(941): App\Controllers\Candidature->afficher_candidatures('18')
 7 SYSTEMPATH/CodeIgniter.php(502): CodeIgniter\CodeIgniter->runController(Object(App\Controllers\Candidature))
 8 SYSTEMPATH/CodeIgniter.php(361): CodeIgniter\CodeIgniter->handleRequest(null, Object(Config\Cache), false)
 9 FCPATH/index.php(102): CodeIgniter\CodeIgniter->run()
WARNING - 2024-12-23 16:32:54 --> [DEPRECATED] explode(): Passing null to parameter #2 ($string) of type string is deprecated in APPPATH/Views/affichage_candidats.php on line 30.
 1 APPPATH/Views/affichage_candidats.php(30): explode(',', null)
 2 SYSTEMPATH/View/View.php(228): include('/home/2024DIFAL3/e22406953/public_html/V43/ci/app/Views/affichage_candidats.php')
 3 SYSTEMPATH/View/View.php(231): CodeIgniter\View\View->CodeIgniter\View\{closure}()
 4 SYSTEMPATH/Common.php(1178): CodeIgniter\View\View->render('affichage_candidats', [], true)
 5 APPPATH/Controllers/Candidature.php(101): view('affichage_candidats', [...])
 6 SYSTEMPATH/CodeIgniter.php(941): App\Controllers\Candidature->afficher_candidatures('18')
 7 SYSTEMPATH/CodeIgniter.php(502): CodeIgniter\CodeIgniter->runController(Object(App\Controllers\Candidature))
 8 SYSTEMPATH/CodeIgniter.php(361): CodeIgniter\CodeIgniter->handleRequest(null, Object(Config\Cache), false)
 9 FCPATH/index.php(102): CodeIgniter\CodeIgniter->run()
INFO - 2024-12-23 16:34:03 --> Session: Class initialized using 'CodeIgniter\Session\Handlers\FileHandler' driver.
WARNING - 2024-12-23 16:34:03 --> [DEPRECATED] explode(): Passing null to parameter #2 ($string) of type string is deprecated in APPPATH/Views/affichage_candidats.php on line 30.
 1 APPPATH/Views/affichage_candidats.php(30): explode(',', null)
 2 SYSTEMPATH/View/View.php(228): include('/home/2024DIFAL3/e22406953/public_html/V43/ci/app/Views/affichage_candidats.php')
 3 SYSTEMPATH/View/View.php(231): CodeIgniter\View\View->CodeIgniter\View\{closure}()
 4 SYSTEMPATH/Common.php(1178): CodeIgniter\View\View->render('affichage_candidats', [], true)
 5 APPPATH/Controllers/Candidature.php(101): view('affichage_candidats', [...])
 6 SYSTEMPATH/CodeIgniter.php(941): App\Controllers\Candidature->afficher_candidatures('18')
 7 SYSTEMPATH/CodeIgniter.php(502): CodeIgniter\CodeIgniter->runController(Object(App\Controllers\Candidature))
 8 SYSTEMPATH/CodeIgniter.php(361): CodeIgniter\CodeIgniter->handleRequest(null, Object(Config\Cache), false)
 9 FCPATH/index.php(102): CodeIgniter\CodeIgniter->run()
WARNING - 2024-12-23 16:34:03 --> [DEPRECATED] explode(): Passing null to parameter #2 ($string) of type string is deprecated in APPPATH/Views/affichage_candidats.php on line 30.
 1 APPPATH/Views/affichage_candidats.php(30): explode(',', null)
 2 SYSTEMPATH/View/View.php(228): include('/home/2024DIFAL3/e22406953/public_html/V43/ci/app/Views/affichage_candidats.php')
 3 SYSTEMPATH/View/View.php(231): CodeIgniter\View\View->CodeIgniter\View\{closure}()
 4 SYSTEMPATH/Common.php(1178): CodeIgniter\View\View->render('affichage_candidats', [], true)
 5 APPPATH/Controllers/Candidature.php(101): view('affichage_candidats', [...])
 6 SYSTEMPATH/CodeIgniter.php(941): App\Controllers\Candidature->afficher_candidatures('18')
 7 SYSTEMPATH/CodeIgniter.php(502): CodeIgniter\CodeIgniter->runController(Object(App\Controllers\Candidature))
 8 SYSTEMPATH/CodeIgniter.php(361): CodeIgniter\CodeIgniter->handleRequest(null, Object(Config\Cache), false)
 9 FCPATH/index.php(102): CodeIgniter\CodeIgniter->run()
INFO - 2024-12-23 16:35:11 --> Session: Class initialized using 'CodeIgniter\Session\Handlers\FileHandler' driver.
CRITICAL - 2024-12-23 17:08:33 --> CodeIgniter\View\Exceptions\ViewException: Invalid file: "inscrire_candidat.php"
in SYSTEMPATH/Exceptions/FrameworkException.php on line 39.
 1 SYSTEMPATH/View/View.php(216): CodeIgniter\Exceptions\FrameworkException::forInvalidFile()
 2 SYSTEMPATH/Common.php(1178): CodeIgniter\View\View->render()
 3 APPPATH/Controllers/Candidature.php(154): view()
 4 SYSTEMPATH/CodeIgniter.php(941): App\Controllers\Candidature->inscrire()
 5 SYSTEMPATH/CodeIgniter.php(502): CodeIgniter\CodeIgniter->runController()
 6 SYSTEMPATH/CodeIgniter.php(361): CodeIgniter\CodeIgniter->handleRequest()
 7 FCPATH/index.php(102): CodeIgniter\CodeIgniter->run()
CRITICAL - 2024-12-23 17:16:18 --> CodeIgniter\Database\Exceptions\DataException: Allowed fields must be specified for model: "App\Models\Db_model"
in SYSTEMPATH/Model.php on line 766.
 1 SYSTEMPATH/Model.php(766): CodeIgniter\Database\Exceptions\DataException::forInvalidAllowedFields()
 2 SYSTEMPATH/BaseModel.php(783): CodeIgniter\Model->doProtectFieldsForInsert()
 3 SYSTEMPATH/Model.php(744): CodeIgniter\BaseModel->insert()
 4 APPPATH/Models/Db_model.php(445): CodeIgniter\Model->insert()
 5 APPPATH/Controllers/Candidature.php(187): App\Models\Db_model->saveCandidat()
 6 SYSTEMPATH/CodeIgniter.php(941): App\Controllers\Candidature->inscrire()
 7 SYSTEMPATH/CodeIgniter.php(502): CodeIgniter\CodeIgniter->runController()
 8 SYSTEMPATH/CodeIgniter.php(361): CodeIgniter\CodeIgniter->handleRequest()
 9 FCPATH/index.php(102): CodeIgniter\CodeIgniter->run()
CRITICAL - 2024-12-23 17:23:32 --> ErrorException: mkdir(): Permission denied
in SYSTEMPATH/HTTP/Files/UploadedFile.php on line 185.
 1 [internal function]: CodeIgniter\Debug\Exceptions->errorHandler()
 2 SYSTEMPATH/HTTP/Files/UploadedFile.php(185): mkdir()
 3 SYSTEMPATH/HTTP/Files/UploadedFile.php(139): CodeIgniter\HTTP\Files\UploadedFile->setPath()
 4 APPPATH/Controllers/Candidature.php(167): CodeIgniter\HTTP\Files\UploadedFile->move()
 5 SYSTEMPATH/CodeIgniter.php(941): App\Controllers\Candidature->inscrire()
 6 SYSTEMPATH/CodeIgniter.php(502): CodeIgniter\CodeIgniter->runController()
 7 SYSTEMPATH/CodeIgniter.php(361): CodeIgniter\CodeIgniter->handleRequest()
 8 FCPATH/index.php(102): CodeIgniter\CodeIgniter->run()
CRITICAL - 2024-12-23 17:26:47 --> CodeIgniter\HTTP\Exceptions\HTTPException: Could not move file "phpy0J85e" to "/home/2024DIFAL3/e22406953/public_html/V43/ci/public/public/images/". Reason: 
in SYSTEMPATH/HTTP/Files/UploadedFile.php on line 158.
 1 SYSTEMPATH/HTTP/Files/UploadedFile.php(158): CodeIgniter\HTTP\Exceptions\HTTPException::forMoveFailed()
 2 APPPATH/Controllers/Candidature.php(167): CodeIgniter\HTTP\Files\UploadedFile->move()
 3 SYSTEMPATH/CodeIgniter.php(941): App\Controllers\Candidature->inscrire()
 4 SYSTEMPATH/CodeIgniter.php(502): CodeIgniter\CodeIgniter->runController()
 5 SYSTEMPATH/CodeIgniter.php(361): CodeIgniter\CodeIgniter->handleRequest()
 6 FCPATH/index.php(102): CodeIgniter\CodeIgniter->run()
CRITICAL - 2024-12-23 17:30:23 --> CodeIgniter\HTTP\Exceptions\HTTPException: Could not move file "phpgAtFcN" to "/home/2024DIFAL3/e22406953/public_html/V43/ci/public/public/images/". Reason: 
in SYSTEMPATH/HTTP/Files/UploadedFile.php on line 158.
 1 SYSTEMPATH/HTTP/Files/UploadedFile.php(158): CodeIgniter\HTTP\Exceptions\HTTPException::forMoveFailed()
 2 APPPATH/Controllers/Candidature.php(167): CodeIgniter\HTTP\Files\UploadedFile->move()
 3 SYSTEMPATH/CodeIgniter.php(941): App\Controllers\Candidature->inscrire()
 4 SYSTEMPATH/CodeIgniter.php(502): CodeIgniter\CodeIgniter->runController()
 5 SYSTEMPATH/CodeIgniter.php(361): CodeIgniter\CodeIgniter->handleRequest()
 6 FCPATH/index.php(102): CodeIgniter\CodeIgniter->run()
CRITICAL - 2024-12-23 17:34:10 --> CodeIgniter\HTTP\Exceptions\HTTPException: Could not move file "phppRAkZm" to "/home/2024DIFAL3/e22406953/public_html/V43/ci/public/public/images/". Reason: 
in SYSTEMPATH/HTTP/Files/UploadedFile.php on line 158.
 1 SYSTEMPATH/HTTP/Files/UploadedFile.php(158): CodeIgniter\HTTP\Exceptions\HTTPException::forMoveFailed()
 2 APPPATH/Controllers/Candidature.php(167): CodeIgniter\HTTP\Files\UploadedFile->move()
 3 SYSTEMPATH/CodeIgniter.php(941): App\Controllers\Candidature->inscrire()
 4 SYSTEMPATH/CodeIgniter.php(502): CodeIgniter\CodeIgniter->runController()
 5 SYSTEMPATH/CodeIgniter.php(361): CodeIgniter\CodeIgniter->handleRequest()
 6 FCPATH/index.php(102): CodeIgniter\CodeIgniter->run()
CRITICAL - 2024-12-23 17:37:35 --> CodeIgniter\HTTP\Exceptions\HTTPException: Could not move file "phpmeEzW3" to "/home/2024DIFAL3/e22406953/public_html/V43/ci/public/public/images/". Reason: 
in SYSTEMPATH/HTTP/Files/UploadedFile.php on line 158.
 1 SYSTEMPATH/HTTP/Files/UploadedFile.php(158): CodeIgniter\HTTP\Exceptions\HTTPException::forMoveFailed()
 2 APPPATH/Controllers/Candidature.php(170): CodeIgniter\HTTP\Files\UploadedFile->move()
 3 SYSTEMPATH/CodeIgniter.php(941): App\Controllers\Candidature->inscrire()
 4 SYSTEMPATH/CodeIgniter.php(502): CodeIgniter\CodeIgniter->runController()
 5 SYSTEMPATH/CodeIgniter.php(361): CodeIgniter\CodeIgniter->handleRequest()
 6 FCPATH/index.php(102): CodeIgniter\CodeIgniter->run()
CRITICAL - 2024-12-23 17:38:34 --> ErrorException: mkdir(): Permission denied
in SYSTEMPATH/HTTP/Files/UploadedFile.php on line 185.
 1 [internal function]: CodeIgniter\Debug\Exceptions->errorHandler()
 2 SYSTEMPATH/HTTP/Files/UploadedFile.php(185): mkdir()
 3 SYSTEMPATH/HTTP/Files/UploadedFile.php(139): CodeIgniter\HTTP\Files\UploadedFile->setPath()
 4 APPPATH/Controllers/Candidature.php(167): CodeIgniter\HTTP\Files\UploadedFile->move()
 5 SYSTEMPATH/CodeIgniter.php(941): App\Controllers\Candidature->inscrire()
 6 SYSTEMPATH/CodeIgniter.php(502): CodeIgniter\CodeIgniter->runController()
 7 SYSTEMPATH/CodeIgniter.php(361): CodeIgniter\CodeIgniter->handleRequest()
 8 FCPATH/index.php(102): CodeIgniter\CodeIgniter->run()
CRITICAL - 2024-12-23 17:38:52 --> CodeIgniter\HTTP\Exceptions\HTTPException: Could not move file "phptYHwd6" to "/home/2024DIFAL3/e22406953/public_html/V43/ci/public/public/images/". Reason: 
in SYSTEMPATH/HTTP/Files/UploadedFile.php on line 158.
 1 SYSTEMPATH/HTTP/Files/UploadedFile.php(158): CodeIgniter\HTTP\Exceptions\HTTPException::forMoveFailed()
 2 APPPATH/Controllers/Candidature.php(167): CodeIgniter\HTTP\Files\UploadedFile->move()
 3 SYSTEMPATH/CodeIgniter.php(941): App\Controllers\Candidature->inscrire()
 4 SYSTEMPATH/CodeIgniter.php(502): CodeIgniter\CodeIgniter->runController()
 5 SYSTEMPATH/CodeIgniter.php(361): CodeIgniter\CodeIgniter->handleRequest()
 6 FCPATH/index.php(102): CodeIgniter\CodeIgniter->run()
CRITICAL - 2024-12-23 17:40:26 --> CodeIgniter\Database\Exceptions\DataException: Allowed fields must be specified for model: "App\Models\Db_model"
in SYSTEMPATH/Model.php on line 766.
 1 SYSTEMPATH/Model.php(766): CodeIgniter\Database\Exceptions\DataException::forInvalidAllowedFields()
 2 SYSTEMPATH/BaseModel.php(783): CodeIgniter\Model->doProtectFieldsForInsert()
 3 SYSTEMPATH/Model.php(744): CodeIgniter\BaseModel->insert()
 4 APPPATH/Models/Db_model.php(445): CodeIgniter\Model->insert()
 5 APPPATH/Controllers/Candidature.php(187): App\Models\Db_model->saveCandidat()
 6 SYSTEMPATH/CodeIgniter.php(941): App\Controllers\Candidature->inscrire()
 7 SYSTEMPATH/CodeIgniter.php(502): CodeIgniter\CodeIgniter->runController()
 8 SYSTEMPATH/CodeIgniter.php(361): CodeIgniter\CodeIgniter->handleRequest()
 9 FCPATH/index.php(102): CodeIgniter\CodeIgniter->run()
ERROR - 2024-12-23 17:41:58 --> mysqli_sql_exception: Table 'e22406953_db2.T_CANDIDATURE' doesn't exist in /home/2024DIFAL3/e22406953/public_html/V43/ci/system/Database/MySQLi/Connection.php:306
Stack trace:
#0 /home/2024DIFAL3/e22406953/public_html/V43/ci/system/Database/MySQLi/Connection.php(306): mysqli->query()
#1 /home/2024DIFAL3/e22406953/public_html/V43/ci/system/Database/BaseConnection.php(693): CodeIgniter\Database\MySQLi\Connection->execute()
#2 /home/2024DIFAL3/e22406953/public_html/V43/ci/system/Database/BaseConnection.php(607): CodeIgniter\Database\BaseConnection->simpleQuery()
#3 /home/2024DIFAL3/e22406953/public_html/V43/ci/system/Database/BaseBuilder.php(2307): CodeIgniter\Database\BaseConnection->query()
#4 /home/2024DIFAL3/e22406953/public_html/V43/ci/system/Model.php(326): CodeIgniter\Database\BaseBuilder->insert()
#5 /home/2024DIFAL3/e22406953/public_html/V43/ci/system/BaseModel.php(802): CodeIgniter\Model->doInsert()
#6 /home/2024DIFAL3/e22406953/public_html/V43/ci/system/Model.php(744): CodeIgniter\BaseModel->insert()
#7 /home/2024DIFAL3/e22406953/public_html/V43/ci/app/Models/Db_model.php(459): CodeIgniter\Model->insert()
#8 /home/2024DIFAL3/e22406953/public_html/V43/ci/app/Controllers/Candidature.php(187): App\Models\Db_model->saveCandidat()
#9 /home/2024DIFAL3/e22406953/public_html/V43/ci/system/CodeIgniter.php(941): App\Controllers\Candidature->inscrire()
#10 /home/2024DIFAL3/e22406953/public_html/V43/ci/system/CodeIgniter.php(502): CodeIgniter\CodeIgniter->runController()
#11 /home/2024DIFAL3/e22406953/public_html/V43/ci/system/CodeIgniter.php(361): CodeIgniter\CodeIgniter->handleRequest()
#12 /home/2024DIFAL3/e22406953/public_html/V43/ci/public/index.php(102): CodeIgniter\CodeIgniter->run()
#13 {main}
ERROR - 2024-12-23 17:41:58 --> mysqli_sql_exception: Table 'e22406953_db2.T_DOCUMENT' doesn't exist in /home/2024DIFAL3/e22406953/public_html/V43/ci/system/Database/MySQLi/Connection.php:306
Stack trace:
#0 /home/2024DIFAL3/e22406953/public_html/V43/ci/system/Database/MySQLi/Connection.php(306): mysqli->query()
#1 /home/2024DIFAL3/e22406953/public_html/V43/ci/system/Database/BaseConnection.php(693): CodeIgniter\Database\MySQLi\Connection->execute()
#2 /home/2024DIFAL3/e22406953/public_html/V43/ci/system/Database/BaseConnection.php(607): CodeIgniter\Database\BaseConnection->simpleQuery()
#3 /home/2024DIFAL3/e22406953/public_html/V43/ci/system/Database/BaseBuilder.php(2307): CodeIgniter\Database\BaseConnection->query()
#4 /home/2024DIFAL3/e22406953/public_html/V43/ci/app/Models/Db_model.php(475): CodeIgniter\Database\BaseBuilder->insert()
#5 /home/2024DIFAL3/e22406953/public_html/V43/ci/app/Controllers/Candidature.php(187): App\Models\Db_model->saveCandidat()
#6 /home/2024DIFAL3/e22406953/public_html/V43/ci/system/CodeIgniter.php(941): App\Controllers\Candidature->inscrire()
#7 /home/2024DIFAL3/e22406953/public_html/V43/ci/system/CodeIgniter.php(502): CodeIgniter\CodeIgniter->runController()
#8 /home/2024DIFAL3/e22406953/public_html/V43/ci/system/CodeIgniter.php(361): CodeIgniter\CodeIgniter->handleRequest()
#9 /home/2024DIFAL3/e22406953/public_html/V43/ci/public/index.php(102): CodeIgniter\CodeIgniter->run()
#10 {main}
INFO - 2024-12-23 17:41:58 --> Session: Class initialized using 'CodeIgniter\Session\Handlers\FileHandler' driver.
INFO - 2024-12-23 17:41:58 --> Session: Class initialized using 'CodeIgniter\Session\Handlers\FileHandler' driver.
INFO - 2024-12-23 17:43:45 --> Session: Class initialized using 'CodeIgniter\Session\Handlers\FileHandler' driver.
CRITICAL - 2024-12-23 18:13:26 --> ErrorException: Undefined variable $categories
in APPPATH/Views/participer.php on line 51.
 1 APPPATH/Views/participer.php(51): CodeIgniter\Debug\Exceptions->errorHandler()
 2 SYSTEMPATH/View/View.php(228): include('/home/2024DIFAL3/e22406953/public_html/V43/ci/app/Views/participer.php')
 3 SYSTEMPATH/View/View.php(231): CodeIgniter\View\View->CodeIgniter\View\{closure}()
 4 SYSTEMPATH/Common.php(1178): CodeIgniter\View\View->render()
 5 APPPATH/Controllers/Candidature.php(214): view()
 6 SYSTEMPATH/CodeIgniter.php(941): App\Controllers\Candidature->inscrire()
 7 SYSTEMPATH/CodeIgniter.php(502): CodeIgniter\CodeIgniter->runController()
 8 SYSTEMPATH/CodeIgniter.php(361): CodeIgniter\CodeIgniter->handleRequest()
 9 FCPATH/index.php(102): CodeIgniter\CodeIgniter->run()
ERROR - 2024-12-23 18:14:50 --> mysqli_sql_exception: Column 'ctg_idT_CATEGORIE_ctg' in field list is ambiguous in /home/2024DIFAL3/e22406953/public_html/V43/ci/system/Database/MySQLi/Connection.php:306
Stack trace:
#0 /home/2024DIFAL3/e22406953/public_html/V43/ci/system/Database/MySQLi/Connection.php(306): mysqli->query()
#1 /home/2024DIFAL3/e22406953/public_html/V43/ci/system/Database/BaseConnection.php(693): CodeIgniter\Database\MySQLi\Connection->execute()
#2 /home/2024DIFAL3/e22406953/public_html/V43/ci/system/Database/BaseConnection.php(607): CodeIgniter\Database\BaseConnection->simpleQuery()
#3 /home/2024DIFAL3/e22406953/public_html/V43/ci/app/Models/Db_model.php(493): CodeIgniter\Database\BaseConnection->query()
#4 /home/2024DIFAL3/e22406953/public_html/V43/ci/app/Controllers/Candidature.php(142): App\Models\Db_model->getCategories()
#5 /home/2024DIFAL3/e22406953/public_html/V43/ci/system/CodeIgniter.php(941): App\Controllers\Candidature->inscrire()
#6 /home/2024DIFAL3/e22406953/public_html/V43/ci/system/CodeIgniter.php(502): CodeIgniter\CodeIgniter->runController()
#7 /home/2024DIFAL3/e22406953/public_html/V43/ci/system/CodeIgniter.php(361): CodeIgniter\CodeIgniter->handleRequest()
#8 /home/2024DIFAL3/e22406953/public_html/V43/ci/public/index.php(102): CodeIgniter\CodeIgniter->run()
#9 {main}
CRITICAL - 2024-12-23 18:14:50 --> CodeIgniter\Database\Exceptions\DatabaseException: Column 'ctg_idT_CATEGORIE_ctg' in field list is ambiguous
in SYSTEMPATH/Database/BaseConnection.php on line 647.
 1 APPPATH/Models/Db_model.php(493): CodeIgniter\Database\BaseConnection->query()
 2 APPPATH/Controllers/Candidature.php(142): App\Models\Db_model->getCategories()
 3 SYSTEMPATH/CodeIgniter.php(941): App\Controllers\Candidature->inscrire()
 4 SYSTEMPATH/CodeIgniter.php(502): CodeIgniter\CodeIgniter->runController()
 5 SYSTEMPATH/CodeIgniter.php(361): CodeIgniter\CodeIgniter->handleRequest()
 6 FCPATH/index.php(102): CodeIgniter\CodeIgniter->run()
CRITICAL - 2024-12-23 18:14:50 --> [Caused by] CodeIgniter\Database\Exceptions\DatabaseException: Column 'ctg_idT_CATEGORIE_ctg' in field list is ambiguous
in SYSTEMPATH/Database/MySQLi/Connection.php on line 311.
 1 SYSTEMPATH/Database/BaseConnection.php(693): CodeIgniter\Database\MySQLi\Connection->execute()
 2 SYSTEMPATH/Database/BaseConnection.php(607): CodeIgniter\Database\BaseConnection->simpleQuery()
 3 APPPATH/Models/Db_model.php(493): CodeIgniter\Database\BaseConnection->query()
 4 APPPATH/Controllers/Candidature.php(142): App\Models\Db_model->getCategories()
 5 SYSTEMPATH/CodeIgniter.php(941): App\Controllers\Candidature->inscrire()
 6 SYSTEMPATH/CodeIgniter.php(502): CodeIgniter\CodeIgniter->runController()
 7 SYSTEMPATH/CodeIgniter.php(361): CodeIgniter\CodeIgniter->handleRequest()
 8 FCPATH/index.php(102): CodeIgniter\CodeIgniter->run()
CRITICAL - 2024-12-23 18:14:50 --> [Caused by] mysqli_sql_exception: Column 'ctg_idT_CATEGORIE_ctg' in field list is ambiguous
in SYSTEMPATH/Database/MySQLi/Connection.php on line 306.
 1 SYSTEMPATH/Database/MySQLi/Connection.php(306): mysqli->query()
 2 SYSTEMPATH/Database/BaseConnection.php(693): CodeIgniter\Database\MySQLi\Connection->execute()
 3 SYSTEMPATH/Database/BaseConnection.php(607): CodeIgniter\Database\BaseConnection->simpleQuery()
 4 APPPATH/Models/Db_model.php(493): CodeIgniter\Database\BaseConnection->query()
 5 APPPATH/Controllers/Candidature.php(142): App\Models\Db_model->getCategories()
 6 SYSTEMPATH/CodeIgniter.php(941): App\Controllers\Candidature->inscrire()
 7 SYSTEMPATH/CodeIgniter.php(502): CodeIgniter\CodeIgniter->runController()
 8 SYSTEMPATH/CodeIgniter.php(361): CodeIgniter\CodeIgniter->handleRequest()
 9 FCPATH/index.php(102): CodeIgniter\CodeIgniter->run()
CRITICAL - 2024-12-23 18:16:21 --> ErrorException: Undefined variable $categories
in APPPATH/Views/participer.php on line 51.
 1 APPPATH/Views/participer.php(51): CodeIgniter\Debug\Exceptions->errorHandler()
 2 SYSTEMPATH/View/View.php(228): include('/home/2024DIFAL3/e22406953/public_html/V43/ci/app/Views/participer.php')
 3 SYSTEMPATH/View/View.php(231): CodeIgniter\View\View->CodeIgniter\View\{closure}()
 4 SYSTEMPATH/Common.php(1178): CodeIgniter\View\View->render()
 5 APPPATH/Controllers/Candidature.php(217): view()
 6 SYSTEMPATH/CodeIgniter.php(941): App\Controllers\Candidature->inscrire()
 7 SYSTEMPATH/CodeIgniter.php(502): CodeIgniter\CodeIgniter->runController()
 8 SYSTEMPATH/CodeIgniter.php(361): CodeIgniter\CodeIgniter->handleRequest()
 9 FCPATH/index.php(102): CodeIgniter\CodeIgniter->run()
CRITICAL - 2024-12-23 18:19:39 --> ErrorException: Undefined variable $concour
in APPPATH/Views/participer.php on line 15.
 1 APPPATH/Views/participer.php(15): CodeIgniter\Debug\Exceptions->errorHandler()
 2 SYSTEMPATH/View/View.php(228): include('/home/2024DIFAL3/e22406953/public_html/V43/ci/app/Views/participer.php')
 3 SYSTEMPATH/View/View.php(231): CodeIgniter\View\View->CodeIgniter\View\{closure}()
 4 SYSTEMPATH/Common.php(1178): CodeIgniter\View\View->render()
 5 APPPATH/Controllers/Candidature.php(217): view()
 6 SYSTEMPATH/CodeIgniter.php(941): App\Controllers\Candidature->inscrire()
 7 SYSTEMPATH/CodeIgniter.php(502): CodeIgniter\CodeIgniter->runController()
 8 SYSTEMPATH/CodeIgniter.php(361): CodeIgniter\CodeIgniter->handleRequest()
 9 FCPATH/index.php(102): CodeIgniter\CodeIgniter->run()
CRITICAL - 2024-12-23 18:19:42 --> ErrorException: Undefined variable $concour
in APPPATH/Views/participer.php on line 15.
 1 APPPATH/Views/participer.php(15): CodeIgniter\Debug\Exceptions->errorHandler()
 2 SYSTEMPATH/View/View.php(228): include('/home/2024DIFAL3/e22406953/public_html/V43/ci/app/Views/participer.php')
 3 SYSTEMPATH/View/View.php(231): CodeIgniter\View\View->CodeIgniter\View\{closure}()
 4 SYSTEMPATH/Common.php(1178): CodeIgniter\View\View->render()
 5 APPPATH/Controllers/Candidature.php(217): view()
 6 SYSTEMPATH/CodeIgniter.php(941): App\Controllers\Candidature->inscrire()
 7 SYSTEMPATH/CodeIgniter.php(502): CodeIgniter\CodeIgniter->runController()
 8 SYSTEMPATH/CodeIgniter.php(361): CodeIgniter\CodeIgniter->handleRequest()
 9 FCPATH/index.php(102): CodeIgniter\CodeIgniter->run()
CRITICAL - 2024-12-23 18:19:44 --> ErrorException: Undefined variable $concour
in APPPATH/Views/participer.php on line 15.
 1 APPPATH/Views/participer.php(15): CodeIgniter\Debug\Exceptions->errorHandler()
 2 SYSTEMPATH/View/View.php(228): include('/home/2024DIFAL3/e22406953/public_html/V43/ci/app/Views/participer.php')
 3 SYSTEMPATH/View/View.php(231): CodeIgniter\View\View->CodeIgniter\View\{closure}()
 4 SYSTEMPATH/Common.php(1178): CodeIgniter\View\View->render()
 5 APPPATH/Controllers/Candidature.php(217): view()
 6 SYSTEMPATH/CodeIgniter.php(941): App\Controllers\Candidature->inscrire()
 7 SYSTEMPATH/CodeIgniter.php(502): CodeIgniter\CodeIgniter->runController()
 8 SYSTEMPATH/CodeIgniter.php(361): CodeIgniter\CodeIgniter->handleRequest()
 9 FCPATH/index.php(102): CodeIgniter\CodeIgniter->run()
CRITICAL - 2024-12-23 18:19:45 --> ErrorException: Undefined variable $concour
in APPPATH/Views/participer.php on line 15.
 1 APPPATH/Views/participer.php(15): CodeIgniter\Debug\Exceptions->errorHandler()
 2 SYSTEMPATH/View/View.php(228): include('/home/2024DIFAL3/e22406953/public_html/V43/ci/app/Views/participer.php')
 3 SYSTEMPATH/View/View.php(231): CodeIgniter\View\View->CodeIgniter\View\{closure}()
 4 SYSTEMPATH/Common.php(1178): CodeIgniter\View\View->render()
 5 APPPATH/Controllers/Candidature.php(217): view()
 6 SYSTEMPATH/CodeIgniter.php(941): App\Controllers\Candidature->inscrire()
 7 SYSTEMPATH/CodeIgniter.php(502): CodeIgniter\CodeIgniter->runController()
 8 SYSTEMPATH/CodeIgniter.php(361): CodeIgniter\CodeIgniter->handleRequest()
 9 FCPATH/index.php(102): CodeIgniter\CodeIgniter->run()
CRITICAL - 2024-12-23 18:20:46 --> ErrorException: Undefined variable $id_conc
in APPPATH/Views/participer.php on line 15.
 1 APPPATH/Views/participer.php(15): CodeIgniter\Debug\Exceptions->errorHandler()
 2 SYSTEMPATH/View/View.php(228): include('/home/2024DIFAL3/e22406953/public_html/V43/ci/app/Views/participer.php')
 3 SYSTEMPATH/View/View.php(231): CodeIgniter\View\View->CodeIgniter\View\{closure}()
 4 SYSTEMPATH/Common.php(1178): CodeIgniter\View\View->render()
 5 APPPATH/Controllers/Candidature.php(217): view()
 6 SYSTEMPATH/CodeIgniter.php(941): App\Controllers\Candidature->inscrire()
 7 SYSTEMPATH/CodeIgniter.php(502): CodeIgniter\CodeIgniter->runController()
 8 SYSTEMPATH/CodeIgniter.php(361): CodeIgniter\CodeIgniter->handleRequest()
 9 FCPATH/index.php(102): CodeIgniter\CodeIgniter->run()
CRITICAL - 2024-12-23 18:21:49 --> ParseError: syntax error, unexpected token "return"
in APPPATH/Controllers/Candidature.php on line 216.
 1 SYSTEMPATH/Autoloader/Autoloader.php(288): CodeIgniter\Autoloader\Autoloader->includeFile()
 2 SYSTEMPATH/Autoloader/Autoloader.php(266): CodeIgniter\Autoloader\Autoloader->loadInNamespace()
 3 [internal function]: CodeIgniter\Autoloader\Autoloader->loadClass()
 4 SYSTEMPATH/CodeIgniter.php(899): class_exists()
 5 SYSTEMPATH/CodeIgniter.php(489): CodeIgniter\CodeIgniter->startController()
 6 SYSTEMPATH/CodeIgniter.php(361): CodeIgniter\CodeIgniter->handleRequest()
 7 FCPATH/index.php(102): CodeIgniter\CodeIgniter->run()
ERROR - 2024-12-23 18:23:10 --> mysqli_sql_exception: Table 'e22406953_db2.T_CANDIDATURE' doesn't exist in /home/2024DIFAL3/e22406953/public_html/V43/ci/system/Database/MySQLi/Connection.php:306
Stack trace:
#0 /home/2024DIFAL3/e22406953/public_html/V43/ci/system/Database/MySQLi/Connection.php(306): mysqli->query()
#1 /home/2024DIFAL3/e22406953/public_html/V43/ci/system/Database/BaseConnection.php(693): CodeIgniter\Database\MySQLi\Connection->execute()
#2 /home/2024DIFAL3/e22406953/public_html/V43/ci/system/Database/BaseConnection.php(607): CodeIgniter\Database\BaseConnection->simpleQuery()
#3 /home/2024DIFAL3/e22406953/public_html/V43/ci/system/Database/BaseBuilder.php(2307): CodeIgniter\Database\BaseConnection->query()
#4 /home/2024DIFAL3/e22406953/public_html/V43/ci/system/Model.php(326): CodeIgniter\Database\BaseBuilder->insert()
#5 /home/2024DIFAL3/e22406953/public_html/V43/ci/system/BaseModel.php(802): CodeIgniter\Model->doInsert()
#6 /home/2024DIFAL3/e22406953/public_html/V43/ci/system/Model.php(744): CodeIgniter\BaseModel->insert()
#7 /home/2024DIFAL3/e22406953/public_html/V43/ci/app/Models/Db_model.php(459): CodeIgniter\Model->insert()
#8 /home/2024DIFAL3/e22406953/public_html/V43/ci/app/Controllers/Candidature.php(192): App\Models\Db_model->saveCandidat()
#9 /home/2024DIFAL3/e22406953/public_html/V43/ci/system/CodeIgniter.php(941): App\Controllers\Candidature->inscrire()
#10 /home/2024DIFAL3/e22406953/public_html/V43/ci/system/CodeIgniter.php(502): CodeIgniter\CodeIgniter->runController()
#11 /home/2024DIFAL3/e22406953/public_html/V43/ci/system/CodeIgniter.php(361): CodeIgniter\CodeIgniter->handleRequest()
#12 /home/2024DIFAL3/e22406953/public_html/V43/ci/public/index.php(102): CodeIgniter\CodeIgniter->run()
#13 {main}
ERROR - 2024-12-23 18:23:10 --> mysqli_sql_exception: Table 'e22406953_db2.T_DOCUMENT' doesn't exist in /home/2024DIFAL3/e22406953/public_html/V43/ci/system/Database/MySQLi/Connection.php:306
Stack trace:
#0 /home/2024DIFAL3/e22406953/public_html/V43/ci/system/Database/MySQLi/Connection.php(306): mysqli->query()
#1 /home/2024DIFAL3/e22406953/public_html/V43/ci/system/Database/BaseConnection.php(693): CodeIgniter\Database\MySQLi\Connection->execute()
#2 /home/2024DIFAL3/e22406953/public_html/V43/ci/system/Database/BaseConnection.php(607): CodeIgniter\Database\BaseConnection->simpleQuery()
#3 /home/2024DIFAL3/e22406953/public_html/V43/ci/system/Database/BaseBuilder.php(2307): CodeIgniter\Database\BaseConnection->query()
#4 /home/2024DIFAL3/e22406953/public_html/V43/ci/app/Models/Db_model.php(479): CodeIgniter\Database\BaseBuilder->insert()
#5 /home/2024DIFAL3/e22406953/public_html/V43/ci/app/Controllers/Candidature.php(192): App\Models\Db_model->saveCandidat()
#6 /home/2024DIFAL3/e22406953/public_html/V43/ci/system/CodeIgniter.php(941): App\Controllers\Candidature->inscrire()
#7 /home/2024DIFAL3/e22406953/public_html/V43/ci/system/CodeIgniter.php(502): CodeIgniter\CodeIgniter->runController()
#8 /home/2024DIFAL3/e22406953/public_html/V43/ci/system/CodeIgniter.php(361): CodeIgniter\CodeIgniter->handleRequest()
#9 /home/2024DIFAL3/e22406953/public_html/V43/ci/public/index.php(102): CodeIgniter\CodeIgniter->run()
#10 {main}
INFO - 2024-12-23 18:23:10 --> Session: Class initialized using 'CodeIgniter\Session\Handlers\FileHandler' driver.
INFO - 2024-12-23 18:23:10 --> Session: Class initialized using 'CodeIgniter\Session\Handlers\FileHandler' driver.
ERROR - 2024-12-23 18:26:15 --> mysqli_sql_exception: Table 'e22406953_db2.T_CANDIDATURE' doesn't exist in /home/2024DIFAL3/e22406953/public_html/V43/ci/system/Database/MySQLi/Connection.php:306
Stack trace:
#0 /home/2024DIFAL3/e22406953/public_html/V43/ci/system/Database/MySQLi/Connection.php(306): mysqli->query()
#1 /home/2024DIFAL3/e22406953/public_html/V43/ci/system/Database/BaseConnection.php(693): CodeIgniter\Database\MySQLi\Connection->execute()
#2 /home/2024DIFAL3/e22406953/public_html/V43/ci/system/Database/BaseConnection.php(607): CodeIgniter\Database\BaseConnection->simpleQuery()
#3 /home/2024DIFAL3/e22406953/public_html/V43/ci/system/Database/BaseBuilder.php(2307): CodeIgniter\Database\BaseConnection->query()
#4 /home/2024DIFAL3/e22406953/public_html/V43/ci/system/Model.php(326): CodeIgniter\Database\BaseBuilder->insert()
#5 /home/2024DIFAL3/e22406953/public_html/V43/ci/system/BaseModel.php(802): CodeIgniter\Model->doInsert()
#6 /home/2024DIFAL3/e22406953/public_html/V43/ci/system/Model.php(744): CodeIgniter\BaseModel->insert()
#7 /home/2024DIFAL3/e22406953/public_html/V43/ci/app/Models/Db_model.php(459): CodeIgniter\Model->insert()
#8 /home/2024DIFAL3/e22406953/public_html/V43/ci/app/Controllers/Candidature.php(192): App\Models\Db_model->saveCandidat()
#9 /home/2024DIFAL3/e22406953/public_html/V43/ci/system/CodeIgniter.php(941): App\Controllers\Candidature->inscrire()
#10 /home/2024DIFAL3/e22406953/public_html/V43/ci/system/CodeIgniter.php(502): CodeIgniter\CodeIgniter->runController()
#11 /home/2024DIFAL3/e22406953/public_html/V43/ci/system/CodeIgniter.php(361): CodeIgniter\CodeIgniter->handleRequest()
#12 /home/2024DIFAL3/e22406953/public_html/V43/ci/public/index.php(102): CodeIgniter\CodeIgniter->run()
#13 {main}
ERROR - 2024-12-23 18:26:15 --> mysqli_sql_exception: Table 'e22406953_db2.T_DOCUMENT' doesn't exist in /home/2024DIFAL3/e22406953/public_html/V43/ci/system/Database/MySQLi/Connection.php:306
Stack trace:
#0 /home/2024DIFAL3/e22406953/public_html/V43/ci/system/Database/MySQLi/Connection.php(306): mysqli->query()
#1 /home/2024DIFAL3/e22406953/public_html/V43/ci/system/Database/BaseConnection.php(693): CodeIgniter\Database\MySQLi\Connection->execute()
#2 /home/2024DIFAL3/e22406953/public_html/V43/ci/system/Database/BaseConnection.php(607): CodeIgniter\Database\BaseConnection->simpleQuery()
#3 /home/2024DIFAL3/e22406953/public_html/V43/ci/system/Database/BaseBuilder.php(2307): CodeIgniter\Database\BaseConnection->query()
#4 /home/2024DIFAL3/e22406953/public_html/V43/ci/app/Models/Db_model.php(479): CodeIgniter\Database\BaseBuilder->insert()
#5 /home/2024DIFAL3/e22406953/public_html/V43/ci/app/Controllers/Candidature.php(192): App\Models\Db_model->saveCandidat()
#6 /home/2024DIFAL3/e22406953/public_html/V43/ci/system/CodeIgniter.php(941): App\Controllers\Candidature->inscrire()
#7 /home/2024DIFAL3/e22406953/public_html/V43/ci/system/CodeIgniter.php(502): CodeIgniter\CodeIgniter->runController()
#8 /home/2024DIFAL3/e22406953/public_html/V43/ci/system/CodeIgniter.php(361): CodeIgniter\CodeIgniter->handleRequest()
#9 /home/2024DIFAL3/e22406953/public_html/V43/ci/public/index.php(102): CodeIgniter\CodeIgniter->run()
#10 {main}
INFO - 2024-12-23 18:26:15 --> Session: Class initialized using 'CodeIgniter\Session\Handlers\FileHandler' driver.
INFO - 2024-12-23 18:26:15 --> Session: Class initialized using 'CodeIgniter\Session\Handlers\FileHandler' driver.
ERROR - 2024-12-23 18:34:54 --> mysqli_sql_exception: Table 'e22406953_db2.T_CANDIDATURE' doesn't exist in /home/2024DIFAL3/e22406953/public_html/V43/ci/system/Database/MySQLi/Connection.php:306
Stack trace:
#0 /home/2024DIFAL3/e22406953/public_html/V43/ci/system/Database/MySQLi/Connection.php(306): mysqli->query()
#1 /home/2024DIFAL3/e22406953/public_html/V43/ci/system/Database/BaseConnection.php(693): CodeIgniter\Database\MySQLi\Connection->execute()
#2 /home/2024DIFAL3/e22406953/public_html/V43/ci/system/Database/BaseConnection.php(607): CodeIgniter\Database\BaseConnection->simpleQuery()
#3 /home/2024DIFAL3/e22406953/public_html/V43/ci/system/Database/BaseBuilder.php(2307): CodeIgniter\Database\BaseConnection->query()
#4 /home/2024DIFAL3/e22406953/public_html/V43/ci/system/Model.php(326): CodeIgniter\Database\BaseBuilder->insert()
#5 /home/2024DIFAL3/e22406953/public_html/V43/ci/system/BaseModel.php(802): CodeIgniter\Model->doInsert()
#6 /home/2024DIFAL3/e22406953/public_html/V43/ci/system/Model.php(744): CodeIgniter\BaseModel->insert()
#7 /home/2024DIFAL3/e22406953/public_html/V43/ci/app/Models/Db_model.php(452): CodeIgniter\Model->insert()
#8 /home/2024DIFAL3/e22406953/public_html/V43/ci/app/Controllers/Candidature.php(192): App\Models\Db_model->saveCandidat()
#9 /home/2024DIFAL3/e22406953/public_html/V43/ci/system/CodeIgniter.php(941): App\Controllers\Candidature->inscrire()
#10 /home/2024DIFAL3/e22406953/public_html/V43/ci/system/CodeIgniter.php(502): CodeIgniter\CodeIgniter->runController()
#11 /home/2024DIFAL3/e22406953/public_html/V43/ci/system/CodeIgniter.php(361): CodeIgniter\CodeIgniter->handleRequest()
#12 /home/2024DIFAL3/e22406953/public_html/V43/ci/public/index.php(102): CodeIgniter\CodeIgniter->run()
#13 {main}
ERROR - 2024-12-23 18:34:54 --> mysqli_sql_exception: Table 'e22406953_db2.T_DOCUMENT' doesn't exist in /home/2024DIFAL3/e22406953/public_html/V43/ci/system/Database/MySQLi/Connection.php:306
Stack trace:
#0 /home/2024DIFAL3/e22406953/public_html/V43/ci/system/Database/MySQLi/Connection.php(306): mysqli->query()
#1 /home/2024DIFAL3/e22406953/public_html/V43/ci/system/Database/BaseConnection.php(693): CodeIgniter\Database\MySQLi\Connection->execute()
#2 /home/2024DIFAL3/e22406953/public_html/V43/ci/system/Database/BaseConnection.php(607): CodeIgniter\Database\BaseConnection->simpleQuery()
#3 /home/2024DIFAL3/e22406953/public_html/V43/ci/system/Database/BaseBuilder.php(2307): CodeIgniter\Database\BaseConnection->query()
#4 /home/2024DIFAL3/e22406953/public_html/V43/ci/app/Models/Db_model.php(476): CodeIgniter\Database\BaseBuilder->insert()
#5 /home/2024DIFAL3/e22406953/public_html/V43/ci/app/Controllers/Candidature.php(192): App\Models\Db_model->saveCandidat()
#6 /home/2024DIFAL3/e22406953/public_html/V43/ci/system/CodeIgniter.php(941): App\Controllers\Candidature->inscrire()
#7 /home/2024DIFAL3/e22406953/public_html/V43/ci/system/CodeIgniter.php(502): CodeIgniter\CodeIgniter->runController()
#8 /home/2024DIFAL3/e22406953/public_html/V43/ci/system/CodeIgniter.php(361): CodeIgniter\CodeIgniter->handleRequest()
#9 /home/2024DIFAL3/e22406953/public_html/V43/ci/public/index.php(102): CodeIgniter\CodeIgniter->run()
#10 {main}
ERROR - 2024-12-23 18:34:54 --> Transaction échouée : {"code":0,"message":""}
INFO - 2024-12-23 18:34:54 --> Session: Class initialized using 'CodeIgniter\Session\Handlers\FileHandler' driver.
INFO - 2024-12-23 18:34:54 --> Session: Class initialized using 'CodeIgniter\Session\Handlers\FileHandler' driver.
INFO - 2024-12-23 18:37:46 --> Session: Class initialized using 'CodeIgniter\Session\Handlers\FileHandler' driver.
ERROR - 2024-12-23 18:38:14 --> mysqli_sql_exception: Table 'e22406953_db2.T_CANDIDATURE' doesn't exist in /home/2024DIFAL3/e22406953/public_html/V43/ci/system/Database/MySQLi/Connection.php:306
Stack trace:
#0 /home/2024DIFAL3/e22406953/public_html/V43/ci/system/Database/MySQLi/Connection.php(306): mysqli->query()
#1 /home/2024DIFAL3/e22406953/public_html/V43/ci/system/Database/BaseConnection.php(693): CodeIgniter\Database\MySQLi\Connection->execute()
#2 /home/2024DIFAL3/e22406953/public_html/V43/ci/system/Database/BaseConnection.php(607): CodeIgniter\Database\BaseConnection->simpleQuery()
#3 /home/2024DIFAL3/e22406953/public_html/V43/ci/system/Database/BaseBuilder.php(2307): CodeIgniter\Database\BaseConnection->query()
#4 /home/2024DIFAL3/e22406953/public_html/V43/ci/system/Model.php(326): CodeIgniter\Database\BaseBuilder->insert()
#5 /home/2024DIFAL3/e22406953/public_html/V43/ci/system/BaseModel.php(802): CodeIgniter\Model->doInsert()
#6 /home/2024DIFAL3/e22406953/public_html/V43/ci/system/Model.php(744): CodeIgniter\BaseModel->insert()
#7 /home/2024DIFAL3/e22406953/public_html/V43/ci/app/Models/Db_model.php(464): CodeIgniter\Model->insert()
#8 /home/2024DIFAL3/e22406953/public_html/V43/ci/app/Controllers/Candidature.php(192): App\Models\Db_model->saveCandidat()
#9 /home/2024DIFAL3/e22406953/public_html/V43/ci/system/CodeIgniter.php(941): App\Controllers\Candidature->inscrire()
#10 /home/2024DIFAL3/e22406953/public_html/V43/ci/system/CodeIgniter.php(502): CodeIgniter\CodeIgniter->runController()
#11 /home/2024DIFAL3/e22406953/public_html/V43/ci/system/CodeIgniter.php(361): CodeIgniter\CodeIgniter->handleRequest()
#12 /home/2024DIFAL3/e22406953/public_html/V43/ci/public/index.php(102): CodeIgniter\CodeIgniter->run()
#13 {main}
ERROR - 2024-12-23 18:38:14 --> Aucun ID de candidature inséré : {"code":1146,"message":"Table 'e22406953_db2.T_CANDIDATURE' doesn't exist"}
INFO - 2024-12-23 18:38:14 --> Session: Class initialized using 'CodeIgniter\Session\Handlers\FileHandler' driver.
INFO - 2024-12-23 18:38:14 --> Session: Class initialized using 'CodeIgniter\Session\Handlers\FileHandler' driver.
ERROR - 2024-12-23 18:48:37 --> Erreur lors de l'envoi de l'e-mail : Cannot send mail with no "From" header.<br><pre>

</pre>
INFO - 2024-12-23 18:48:37 --> Session: Class initialized using 'CodeIgniter\Session\Handlers\FileHandler' driver.
CRITICAL - 2024-12-23 18:48:38 --> CodeIgniter\View\Exceptions\ViewException: Invalid file: "success_candidat.php"
in SYSTEMPATH/Exceptions/FrameworkException.php on line 39.
 1 SYSTEMPATH/View/View.php(216): CodeIgniter\Exceptions\FrameworkException::forInvalidFile()
 2 SYSTEMPATH/Common.php(1178): CodeIgniter\View\View->render()
 3 APPPATH/Controllers/Candidature.php(229): view()
 4 SYSTEMPATH/CodeIgniter.php(941): App\Controllers\Candidature->success()
 5 SYSTEMPATH/CodeIgniter.php(502): CodeIgniter\CodeIgniter->runController()
 6 SYSTEMPATH/CodeIgniter.php(361): CodeIgniter\CodeIgniter->handleRequest()
 7 FCPATH/index.php(102): CodeIgniter\CodeIgniter->run()
ERROR - 2024-12-23 19:02:26 --> Erreur lors de l'envoi de l'e-mail : Cannot send mail with no "From" header.<br><pre>

</pre>
INFO - 2024-12-23 19:02:26 --> Session: Class initialized using 'CodeIgniter\Session\Handlers\FileHandler' driver.
CRITICAL - 2024-12-23 19:02:26 --> CodeIgniter\View\Exceptions\ViewException: Invalid file: "success_candidat.php"
in SYSTEMPATH/Exceptions/FrameworkException.php on line 39.
 1 SYSTEMPATH/View/View.php(216): CodeIgniter\Exceptions\FrameworkException::forInvalidFile()
 2 SYSTEMPATH/Common.php(1178): CodeIgniter\View\View->render()
 3 APPPATH/Controllers/Candidature.php(233): view()
 4 SYSTEMPATH/CodeIgniter.php(941): App\Controllers\Candidature->success()
 5 SYSTEMPATH/CodeIgniter.php(502): CodeIgniter\CodeIgniter->runController()
 6 SYSTEMPATH/CodeIgniter.php(361): CodeIgniter\CodeIgniter->handleRequest()
 7 FCPATH/index.php(102): CodeIgniter\CodeIgniter->run()
ERROR - 2024-12-23 19:05:31 --> Erreur lors de l'envoi de l'e-mail : Cannot send mail with no "From" header.<br><pre>

</pre>
INFO - 2024-12-23 19:05:31 --> Session: Class initialized using 'CodeIgniter\Session\Handlers\FileHandler' driver.
CRITICAL - 2024-12-23 19:05:31 --> CodeIgniter\View\Exceptions\ViewException: Invalid file: "success_candidat.php"
in SYSTEMPATH/Exceptions/FrameworkException.php on line 39.
 1 SYSTEMPATH/View/View.php(216): CodeIgniter\Exceptions\FrameworkException::forInvalidFile()
 2 SYSTEMPATH/Common.php(1178): CodeIgniter\View\View->render()
 3 APPPATH/Controllers/Candidature.php(233): view()
 4 SYSTEMPATH/CodeIgniter.php(941): App\Controllers\Candidature->success()
 5 SYSTEMPATH/CodeIgniter.php(502): CodeIgniter\CodeIgniter->runController()
 6 SYSTEMPATH/CodeIgniter.php(361): CodeIgniter\CodeIgniter->handleRequest()
 7 FCPATH/index.php(102): CodeIgniter\CodeIgniter->run()
ERROR - 2024-12-23 19:07:42 --> Email: Unable to send email using SMTP. Your server might not be configured to send mail using this method.
ERROR - 2024-12-23 19:07:42 --> 220 smtp.gmail.com ESMTP ffacd0b85a97d-38a1c833155sm11955398f8f.24 - gsmtp

hello: 250-smtp.gmail.com at your service, [193.54.246.104]
250-SIZE 35882577
250-8BITMIME
250-STARTTLS
250-ENHANCEDSTATUSCODES
250-PIPELINING
250-CHUNKING
250 SMTPUTF8

starttls: 220 2.0.0 Ready to start TLS

hello: 250-smtp.gmail.com at your service, [193.54.246.104]
250-SIZE 35882577
250-8BITMIME
250-AUTH LOGIN PLAIN XOAUTH2 PLAIN-CLIENTTOKEN OAUTHBEARER XOAUTH
250-ENHANCEDSTATUSCODES
250-PIPELINING
250-CHUNKING
250 SMTPUTF8

Failed to authenticate password. Error: 535-5.7.8 Username and Password not accepted. For more information, go to
535 5.7.8  https://support.google.com/mail/?p=BadCredentials ffacd0b85a97d-38a1c833155sm11955398f8f.24 - gsmtp

ERROR - 2024-12-23 19:07:42 --> Erreur lors de l'envoi de l'e-mail : 220 smtp.gmail.com ESMTP ffacd0b85a97d-38a1c833155sm11955398f8f.24 - gsmtp
<br><pre>hello: 250-smtp.gmail.com at your service, [193.54.246.104]
250-SIZE 35882577
250-8BITMIME
250-STARTTLS
250-ENHANCEDSTATUSCODES
250-PIPELINING
250-CHUNKING
250 SMTPUTF8
</pre><pre>starttls: 220 2.0.0 Ready to start TLS
</pre><pre>hello: 250-smtp.gmail.com at your service, [193.54.246.104]
250-SIZE 35882577
250-8BITMIME
250-AUTH LOGIN PLAIN XOAUTH2 PLAIN-CLIENTTOKEN OAUTHBEARER XOAUTH
250-ENHANCEDSTATUSCODES
250-PIPELINING
250-CHUNKING
250 SMTPUTF8
</pre>Failed to authenticate password. Error: 535-5.7.8 Username and Password not accepted. For more information, go to
535 5.7.8  https://support.google.com/mail/?p=BadCredentials ffacd0b85a97d-38a1c833155sm11955398f8f.24 - gsmtp
<br>Unable to send email using SMTP. Your server might not be configured to send mail using this method.<br><pre>Date: Mon, 23 Dec 2024 19:07:41 +0000
To: mokhtarrida64@gmail.com
Subject: =?UTF-8?Q?Confirmation=20de=20votre=20candidature?=
From: &quot;service&quot; &lt;mokhtarrida64@gmail.com&gt;
Return-Path: &lt;mokhtarrida64@gmail.com&gt;
Reply-To: &lt;mokhtarrida64@gmail.com&gt;
User-Agent: CodeIgniter
X-Sender: mokhtarrida64@gmail.com
X-Mailer: CodeIgniter
X-Priority: 3 (Normal)
Message-ID: &lt;6769b4fde70065.54083663@gmail.com&gt;
Mime-Version: 1.0


Content-Type: multipart/alternative; boundary=&quot;B_ALT_6769b4fde70113.71722203&quot;

This is a multi-part message in MIME format.
Your email application may not support this format.

--B_ALT_6769b4fde70113.71722203
Content-Type: text/plain; charset=UTF-8
Content-Transfer-Encoding: 8bit

Bonjour MOKHTAR RIDA,

 Votre candidature a été enregistrée avec succès.

 Voici vos codes pour le suivi de votre candidature :
 - **Code Candidat** : 14c5a66a
 - **Code Inscription** : 06d6535e52507bded105

 Utilisez ces codes pour suivre votre candidature sur notre plateforme.

 Merci pour votre participation !


--B_ALT_6769b4fde70113.71722203
Content-Type: text/html; charset=UTF-8
Content-Transfer-Encoding: quoted-printable

=0A                Bonjour MOKHTAR RIDA,=0A                =0A             =
   Votre candidature a =C3=A9t=C3=A9 enregistr=C3=A9e avec succ=C3=A8s.=0A =
               =0A                Voici vos codes pour le suivi de votre ca=
ndidature :=0A                - **Code Candidat** : 14c5a66a=0A            =
    - **Code Inscription** : 06d6535e52507bded105=0A                =0A    =
            Utilisez ces codes pour suivre votre candidature sur notre plat=
eforme.=0A                =0A                Merci pour votre participation=
 !

--B_ALT_6769b4fde70113.71722203--</pre>
INFO - 2024-12-23 19:07:42 --> Session: Class initialized using 'CodeIgniter\Session\Handlers\FileHandler' driver.
CRITICAL - 2024-12-23 19:07:42 --> CodeIgniter\View\Exceptions\ViewException: Invalid file: "success_candidat.php"
in SYSTEMPATH/Exceptions/FrameworkException.php on line 39.
 1 SYSTEMPATH/View/View.php(216): CodeIgniter\Exceptions\FrameworkException::forInvalidFile()
 2 SYSTEMPATH/Common.php(1178): CodeIgniter\View\View->render()
 3 APPPATH/Controllers/Candidature.php(233): view()
 4 SYSTEMPATH/CodeIgniter.php(941): App\Controllers\Candidature->success()
 5 SYSTEMPATH/CodeIgniter.php(502): CodeIgniter\CodeIgniter->runController()
 6 SYSTEMPATH/CodeIgniter.php(361): CodeIgniter\CodeIgniter->handleRequest()
 7 FCPATH/index.php(102): CodeIgniter\CodeIgniter->run()
ERROR - 2024-12-23 19:26:39 --> Email: Unable to send email using SMTP. Your server might not be configured to send mail using this method.
ERROR - 2024-12-23 19:26:39 --> 220 smtp.gmail.com ESMTP ffacd0b85a97d-38a1c8289a0sm12467935f8f.7 - gsmtp

hello: 250-smtp.gmail.com at your service, [193.54.246.104]
250-SIZE 35882577
250-8BITMIME
250-STARTTLS
250-ENHANCEDSTATUSCODES
250-PIPELINING
250-CHUNKING
250 SMTPUTF8

starttls: 220 2.0.0 Ready to start TLS

hello: 250-smtp.gmail.com at your service, [193.54.246.104]
250-SIZE 35882577
250-8BITMIME
250-AUTH LOGIN PLAIN XOAUTH2 PLAIN-CLIENTTOKEN OAUTHBEARER XOAUTH
250-ENHANCEDSTATUSCODES
250-PIPELINING
250-CHUNKING
250 SMTPUTF8

Failed to authenticate password. Error: 535-5.7.8 Username and Password not accepted. For more information, go to
535 5.7.8  https://support.google.com/mail/?p=BadCredentials ffacd0b85a97d-38a1c8289a0sm12467935f8f.7 - gsmtp

ERROR - 2024-12-23 19:26:39 --> Erreur lors de l'envoi de l'e-mail : 220 smtp.gmail.com ESMTP ffacd0b85a97d-38a1c8289a0sm12467935f8f.7 - gsmtp
<br><pre>hello: 250-smtp.gmail.com at your service, [193.54.246.104]
250-SIZE 35882577
250-8BITMIME
250-STARTTLS
250-ENHANCEDSTATUSCODES
250-PIPELINING
250-CHUNKING
250 SMTPUTF8
</pre><pre>starttls: 220 2.0.0 Ready to start TLS
</pre><pre>hello: 250-smtp.gmail.com at your service, [193.54.246.104]
250-SIZE 35882577
250-8BITMIME
250-AUTH LOGIN PLAIN XOAUTH2 PLAIN-CLIENTTOKEN OAUTHBEARER XOAUTH
250-ENHANCEDSTATUSCODES
250-PIPELINING
250-CHUNKING
250 SMTPUTF8
</pre>Failed to authenticate password. Error: 535-5.7.8 Username and Password not accepted. For more information, go to
535 5.7.8  https://support.google.com/mail/?p=BadCredentials ffacd0b85a97d-38a1c8289a0sm12467935f8f.7 - gsmtp
<br>Unable to send email using SMTP. Your server might not be configured to send mail using this method.<br><pre>Date: Mon, 23 Dec 2024 19:26:39 +0000
To: mokhtarrida64@gmail.com
Subject: =?UTF-8?Q?Confirmation=20de=20votre=20candidature?=
From: &quot;service&quot; &lt;mokhtarrida64@gmail.com&gt;
Return-Path: &lt;mokhtarrida64@gmail.com&gt;
Reply-To: &lt;mokhtarrida64@gmail.com&gt;
User-Agent: CodeIgniter
X-Sender: mokhtarrida64@gmail.com
X-Mailer: CodeIgniter
X-Priority: 3 (Normal)
Message-ID: &lt;6769b96f25bbe4.76922612@gmail.com&gt;
Mime-Version: 1.0


Content-Type: multipart/alternative; boundary=&quot;B_ALT_6769b96f25bc87.59250187&quot;

This is a multi-part message in MIME format.
Your email application may not support this format.

--B_ALT_6769b96f25bc87.59250187
Content-Type: text/plain; charset=UTF-8
Content-Transfer-Encoding: 8bit

Bonjour MOKHTAR RIDA,

 Votre candidature a été enregistrée avec succès.

 Voici vos codes pour le suivi de votre candidature :
 - **Code Candidat** : e4f04e9f
 - **Code Inscription** : f6289c5c6f916f04a30d

 Utilisez ces codes pour suivre votre candidature sur notre plateforme.

 Merci pour votre participation !


--B_ALT_6769b96f25bc87.59250187
Content-Type: text/html; charset=UTF-8
Content-Transfer-Encoding: quoted-printable

=0A                Bonjour MOKHTAR RIDA,=0A                =0A             =
   Votre candidature a =C3=A9t=C3=A9 enregistr=C3=A9e avec succ=C3=A8s.=0A =
               =0A                Voici vos codes pour le suivi de votre ca=
ndidature :=0A                - **Code Candidat** : e4f04e9f=0A            =
    - **Code Inscription** : f6289c5c6f916f04a30d=0A                =0A    =
            Utilisez ces codes pour suivre votre candidature sur notre plat=
eforme.=0A                =0A                Merci pour votre participation=
 !

--B_ALT_6769b96f25bc87.59250187--</pre>
INFO - 2024-12-23 19:26:39 --> Session: Class initialized using 'CodeIgniter\Session\Handlers\FileHandler' driver.
CRITICAL - 2024-12-23 19:26:39 --> CodeIgniter\View\Exceptions\ViewException: Invalid file: "success_candidat.php"
in SYSTEMPATH/Exceptions/FrameworkException.php on line 39.
 1 SYSTEMPATH/View/View.php(216): CodeIgniter\Exceptions\FrameworkException::forInvalidFile()
 2 SYSTEMPATH/Common.php(1178): CodeIgniter\View\View->render()
 3 APPPATH/Controllers/Candidature.php(233): view()
 4 SYSTEMPATH/CodeIgniter.php(941): App\Controllers\Candidature->success()
 5 SYSTEMPATH/CodeIgniter.php(502): CodeIgniter\CodeIgniter->runController()
 6 SYSTEMPATH/CodeIgniter.php(361): CodeIgniter\CodeIgniter->handleRequest()
 7 FCPATH/index.php(102): CodeIgniter\CodeIgniter->run()
ERROR - 2024-12-23 19:29:05 --> Email: Unable to send email using SMTP. Your server might not be configured to send mail using this method.
ERROR - 2024-12-23 19:29:05 --> 220 smtp.gmail.com ESMTP ffacd0b85a97d-38a1c832c45sm12021072f8f.32 - gsmtp

hello: 250-smtp.gmail.com at your service, [193.54.246.104]
250-SIZE 35882577
250-8BITMIME
250-STARTTLS
250-ENHANCEDSTATUSCODES
250-PIPELINING
250-CHUNKING
250 SMTPUTF8

starttls: 220 2.0.0 Ready to start TLS

hello: 250-smtp.gmail.com at your service, [193.54.246.104]
250-SIZE 35882577
250-8BITMIME
250-AUTH LOGIN PLAIN XOAUTH2 PLAIN-CLIENTTOKEN OAUTHBEARER XOAUTH
250-ENHANCEDSTATUSCODES
250-PIPELINING
250-CHUNKING
250 SMTPUTF8

Failed to authenticate password. Error: 535-5.7.8 Username and Password not accepted. For more information, go to
535 5.7.8  https://support.google.com/mail/?p=BadCredentials ffacd0b85a97d-38a1c832c45sm12021072f8f.32 - gsmtp

ERROR - 2024-12-23 19:29:05 --> Erreur lors de l'envoi de l'e-mail : 220 smtp.gmail.com ESMTP ffacd0b85a97d-38a1c832c45sm12021072f8f.32 - gsmtp
<br><pre>hello: 250-smtp.gmail.com at your service, [193.54.246.104]
250-SIZE 35882577
250-8BITMIME
250-STARTTLS
250-ENHANCEDSTATUSCODES
250-PIPELINING
250-CHUNKING
250 SMTPUTF8
</pre><pre>starttls: 220 2.0.0 Ready to start TLS
</pre><pre>hello: 250-smtp.gmail.com at your service, [193.54.246.104]
250-SIZE 35882577
250-8BITMIME
250-AUTH LOGIN PLAIN XOAUTH2 PLAIN-CLIENTTOKEN OAUTHBEARER XOAUTH
250-ENHANCEDSTATUSCODES
250-PIPELINING
250-CHUNKING
250 SMTPUTF8
</pre>Failed to authenticate password. Error: 535-5.7.8 Username and Password not accepted. For more information, go to
535 5.7.8  https://support.google.com/mail/?p=BadCredentials ffacd0b85a97d-38a1c832c45sm12021072f8f.32 - gsmtp
<br>Unable to send email using SMTP. Your server might not be configured to send mail using this method.<br><pre>Date: Mon, 23 Dec 2024 19:29:04 +0000
To: mokhtarrida64@gmail.com
Subject: =?UTF-8?Q?Confirmation=20de=20votre=20candidature?=
From: &quot;service&quot; &lt;mokhtarrida64@gmail.com&gt;
Return-Path: &lt;mokhtarrida64@gmail.com&gt;
Reply-To: &lt;mokhtarrida64@gmail.com&gt;
User-Agent: CodeIgniter
X-Sender: mokhtarrida64@gmail.com
X-Mailer: CodeIgniter
X-Priority: 3 (Normal)
Message-ID: &lt;6769ba00d5aba6.95269394@gmail.com&gt;
Mime-Version: 1.0


Content-Type: multipart/alternative; boundary=&quot;B_ALT_6769ba00d5ac52.38136146&quot;

This is a multi-part message in MIME format.
Your email application may not support this format.

--B_ALT_6769ba00d5ac52.38136146
Content-Type: text/plain; charset=UTF-8
Content-Transfer-Encoding: 8bit

Bonjour MOKHTAR RIDA,

 Votre candidature a été enregistrée avec succès.

 Voici vos codes pour le suivi de votre candidature :
 - **Code Candidat** : 9e78ca80
 - **Code Inscription** : 3be91e0e5dc2273513dd

 Utilisez ces codes pour suivre votre candidature sur notre plateforme.

 Merci pour votre participation !


--B_ALT_6769ba00d5ac52.38136146
Content-Type: text/html; charset=UTF-8
Content-Transfer-Encoding: quoted-printable

=0A                Bonjour MOKHTAR RIDA,=0A                =0A             =
   Votre candidature a =C3=A9t=C3=A9 enregistr=C3=A9e avec succ=C3=A8s.=0A =
               =0A                Voici vos codes pour le suivi de votre ca=
ndidature :=0A                - **Code Candidat** : 9e78ca80=0A            =
    - **Code Inscription** : 3be91e0e5dc2273513dd=0A                =0A    =
            Utilisez ces codes pour suivre votre candidature sur notre plat=
eforme.=0A                =0A                Merci pour votre participation=
 !

--B_ALT_6769ba00d5ac52.38136146--</pre>
INFO - 2024-12-23 19:29:05 --> Session: Class initialized using 'CodeIgniter\Session\Handlers\FileHandler' driver.
CRITICAL - 2024-12-23 19:29:05 --> CodeIgniter\View\Exceptions\ViewException: Invalid file: "success_candidat.php"
in SYSTEMPATH/Exceptions/FrameworkException.php on line 39.
 1 SYSTEMPATH/View/View.php(216): CodeIgniter\Exceptions\FrameworkException::forInvalidFile()
 2 SYSTEMPATH/Common.php(1178): CodeIgniter\View\View->render()
 3 APPPATH/Controllers/Candidature.php(233): view()
 4 SYSTEMPATH/CodeIgniter.php(941): App\Controllers\Candidature->success()
 5 SYSTEMPATH/CodeIgniter.php(502): CodeIgniter\CodeIgniter->runController()
 6 SYSTEMPATH/CodeIgniter.php(361): CodeIgniter\CodeIgniter->handleRequest()
 7 FCPATH/index.php(102): CodeIgniter\CodeIgniter->run()
ERROR - 2024-12-23 19:30:08 --> Email: Unable to send email using SMTP. Your server might not be configured to send mail using this method.
ERROR - 2024-12-23 19:30:08 --> 220 smtp.gmail.com ESMTP 5b1f17b1804b1-4366127c639sm143387255e9.31 - gsmtp

hello: 250-smtp.gmail.com at your service, [193.54.246.104]
250-SIZE 35882577
250-8BITMIME
250-STARTTLS
250-ENHANCEDSTATUSCODES
250-PIPELINING
250-CHUNKING
250 SMTPUTF8

starttls: 220 2.0.0 Ready to start TLS

hello: 250-smtp.gmail.com at your service, [193.54.246.104]
250-SIZE 35882577
250-8BITMIME
250-AUTH LOGIN PLAIN XOAUTH2 PLAIN-CLIENTTOKEN OAUTHBEARER XOAUTH
250-ENHANCEDSTATUSCODES
250-PIPELINING
250-CHUNKING
250 SMTPUTF8

Failed to authenticate password. Error: 535-5.7.8 Username and Password not accepted. For more information, go to
535 5.7.8  https://support.google.com/mail/?p=BadCredentials 5b1f17b1804b1-4366127c639sm143387255e9.31 - gsmtp

ERROR - 2024-12-23 19:30:08 --> Erreur lors de l'envoi de l'e-mail : 220 smtp.gmail.com ESMTP 5b1f17b1804b1-4366127c639sm143387255e9.31 - gsmtp
<br><pre>hello: 250-smtp.gmail.com at your service, [193.54.246.104]
250-SIZE 35882577
250-8BITMIME
250-STARTTLS
250-ENHANCEDSTATUSCODES
250-PIPELINING
250-CHUNKING
250 SMTPUTF8
</pre><pre>starttls: 220 2.0.0 Ready to start TLS
</pre><pre>hello: 250-smtp.gmail.com at your service, [193.54.246.104]
250-SIZE 35882577
250-8BITMIME
250-AUTH LOGIN PLAIN XOAUTH2 PLAIN-CLIENTTOKEN OAUTHBEARER XOAUTH
250-ENHANCEDSTATUSCODES
250-PIPELINING
250-CHUNKING
250 SMTPUTF8
</pre>Failed to authenticate password. Error: 535-5.7.8 Username and Password not accepted. For more information, go to
535 5.7.8  https://support.google.com/mail/?p=BadCredentials 5b1f17b1804b1-4366127c639sm143387255e9.31 - gsmtp
<br>Unable to send email using SMTP. Your server might not be configured to send mail using this method.<br><pre>Date: Mon, 23 Dec 2024 19:30:07 +0000
To: mokhtarrida64@gmail.com
Subject: =?UTF-8?Q?Confirmation=20de=20votre=20candidature?=
From: &quot;service&quot; &lt;mokhtarrida64@gmail.com&gt;
Return-Path: &lt;mokhtarrida64@gmail.com&gt;
Reply-To: &lt;mokhtarrida64@gmail.com&gt;
User-Agent: CodeIgniter
X-Sender: mokhtarrida64@gmail.com
X-Mailer: CodeIgniter
X-Priority: 3 (Normal)
Message-ID: &lt;6769ba3fad23e5.15451219@gmail.com&gt;
Mime-Version: 1.0


Content-Type: multipart/alternative; boundary=&quot;B_ALT_6769ba3fad2481.96302750&quot;

This is a multi-part message in MIME format.
Your email application may not support this format.

--B_ALT_6769ba3fad2481.96302750
Content-Type: text/plain; charset=UTF-8
Content-Transfer-Encoding: 8bit

Bonjour MOKHTAR RIDA,

 Votre candidature a été enregistrée avec succès.

 Voici vos codes pour le suivi de votre candidature :
 - **Code Candidat** : 64567f86
 - **Code Inscription** : 279ee687a7ae1bd54b5e

 Utilisez ces codes pour suivre votre candidature sur notre plateforme.

 Merci pour votre participation !


--B_ALT_6769ba3fad2481.96302750
Content-Type: text/html; charset=UTF-8
Content-Transfer-Encoding: quoted-printable

=0A                Bonjour MOKHTAR RIDA,=0A                =0A             =
   Votre candidature a =C3=A9t=C3=A9 enregistr=C3=A9e avec succ=C3=A8s.=0A =
               =0A                Voici vos codes pour le suivi de votre ca=
ndidature :=0A                - **Code Candidat** : 64567f86=0A            =
    - **Code Inscription** : 279ee687a7ae1bd54b5e=0A                =0A    =
            Utilisez ces codes pour suivre votre candidature sur notre plat=
eforme.=0A                =0A                Merci pour votre participation=
 !

--B_ALT_6769ba3fad2481.96302750--</pre>
INFO - 2024-12-23 19:30:08 --> Session: Class initialized using 'CodeIgniter\Session\Handlers\FileHandler' driver.
